Log file open, 04/19/22 11:44:50
LogWindows: Failed to load 'aqProf.dll' (GetLastError=126)
LogWindows: File 'aqProf.dll' does not exist
LogWindows: Failed to load 'VtuneApi.dll' (GetLastError=126)
LogWindows: File 'VtuneApi.dll' does not exist
LogWindows: Failed to load 'VtuneApi32e.dll' (GetLastError=126)
LogWindows: File 'VtuneApi32e.dll' does not exist
LogConsoleResponse: Display: Failed to find resolution value strings in scalability ini. Falling back to default.
LogConsoleResponse: Display: Failed to find resolution value strings in scalability ini. Falling back to default.
LogInit: Display: Running engine for game: InfernalDrive
LogPlatformFile: Not using cached read wrapper
LogTaskGraph: Started task graph with 5 named threads and 23 total threads with 3 sets of task threads.
LogStats: Stats thread started at 0.248445
LogICUInternationalization: ICU TimeZone Detection - Raw Offset: +1:00, Platform Override: ''
LogInit: Display: Loading text-based GConfig....
LogPluginManager: Mounting plugin MegascansPlugin
LogPluginManager: Mounting plugin MeshPainting
LogPluginManager: Mounting plugin XGEController
LogPluginManager: Mounting plugin Paper2D
LogPluginManager: Mounting plugin AISupport
LogPluginManager: Mounting plugin EnvironmentQueryEditor
LogPluginManager: Mounting plugin LiveLink
LogPluginManager: Mounting plugin CameraShakePreviewer
LogPluginManager: Mounting plugin GameplayCameras
LogPluginManager: Mounting plugin OodleNetwork
LogPluginManager: Mounting plugin LightPropagationVolume
LogPluginManager: Mounting plugin AnimationSharing
LogPluginManager: Mounting plugin OodleData
LogPluginManager: Mounting plugin AssetManagerEditor
LogPluginManager: Mounting plugin CLionSourceCodeAccess
LogPluginManager: Mounting plugin CurveEditorTools
LogPluginManager: Mounting plugin DataValidation
LogPluginManager: Mounting plugin EditorScriptingUtilities
LogPluginManager: Mounting plugin FacialAnimation
LogPluginManager: Mounting plugin CryptoKeys
LogPluginManager: Mounting plugin GameplayTagsEditor
LogPluginManager: Mounting plugin GeometryMode
LogPluginManager: Mounting plugin MaterialAnalyzer
LogPluginManager: Mounting plugin MacGraphicsSwitching
LogPluginManager: Mounting plugin MobileLauncherProfileWizard
LogPluginManager: Mounting plugin PluginBrowser
LogPluginManager: Mounting plugin SpeedTreeImporter
LogPluginManager: Mounting plugin DatasmithContent
LogPluginManager: Mounting plugin VariantManagerContent
LogPluginManager: Mounting plugin AlembicImporter
LogPluginManager: Mounting plugin AutomationUtils
LogPluginManager: Mounting plugin BackChannel
LogPluginManager: Mounting plugin ChaosCloth
LogPluginManager: Mounting plugin ChaosClothEditor
LogPluginManager: Mounting plugin ChaosEditor
LogPluginManager: Mounting plugin ChaosNiagara
LogPluginManager: Mounting plugin ChaosSolverPlugin
LogPluginManager: Mounting plugin CharacterAI
LogPluginManager: Mounting plugin Niagara
LogPluginManager: Mounting plugin GeometryCache
LogPluginManager: Mounting plugin LuminPlatformFeatures
LogPluginManager: Mounting plugin GeometryCollectionPlugin
LogPluginManager: Mounting plugin MagicLeap
LogPluginManager: Mounting plugin MagicLeapLightEstimation
LogPluginManager: Mounting plugin MagicLeapMedia
LogPluginManager: Mounting plugin MagicLeapPassableWorld
LogPluginManager: Mounting plugin MLSDK
LogPluginManager: Mounting plugin GeometryProcessing
LogPluginManager: Mounting plugin MotoSynth
LogPluginManager: Mounting plugin OpenImageDenoise
LogPluginManager: Mounting plugin PlanarCut
LogPluginManager: Mounting plugin PlatformCrypto
LogPluginManager: Mounting plugin ProxyLODPlugin
LogPluginManager: Mounting plugin PythonScriptPlugin
LogPluginManager: Mounting plugin RawInput
LogPluginManager: Mounting plugin SkeletalReduction
LogPluginManager: Mounting plugin AndroidMedia
LogPluginManager: Mounting plugin AvfMedia
LogPluginManager: Mounting plugin ImgMedia
LogPluginManager: Mounting plugin MediaCompositing
LogPluginManager: Mounting plugin MediaPlayerEditor
LogPluginManager: Mounting plugin WebMMedia
LogPluginManager: Mounting plugin WmfMedia
LogPluginManager: Mounting plugin TcpMessaging
LogPluginManager: Mounting plugin UdpMessaging
LogPluginManager: Mounting plugin ActorSequence
LogPluginManager: Mounting plugin LevelSequenceEditor
LogPluginManager: Mounting plugin MatineeToLevelSequence
LogPluginManager: Mounting plugin TemplateSequence
LogPluginManager: Mounting plugin OnlineSubsystem
LogPluginManager: Mounting plugin OnlineSubsystemNull
LogPluginManager: Mounting plugin OnlineSubsystemUtils
LogPluginManager: Mounting plugin LauncherChunkInstaller
LogPluginManager: Mounting plugin ActorLayerUtilities
LogPluginManager: Mounting plugin AndroidDeviceProfileSelector
LogPluginManager: Mounting plugin AndroidMoviePlayer
LogPluginManager: Mounting plugin AndroidPermission
LogPluginManager: Mounting plugin AppleImageUtils
LogPluginManager: Mounting plugin AppleMoviePlayer
LogPluginManager: Mounting plugin AudioCapture
LogPluginManager: Mounting plugin AssetTags
LogPluginManager: Mounting plugin AudioSynesthesia
LogPluginManager: Mounting plugin ArchVisCharacter
LogPluginManager: Mounting plugin CableComponent
LogPluginManager: Mounting plugin ChunkDownloader
LogPluginManager: Mounting plugin CustomMeshComponent
LogPluginManager: Mounting plugin EditableMesh
LogPluginManager: Mounting plugin ExampleDeviceProfileSelector
LogPluginManager: Mounting plugin GoogleCloudMessaging
LogPluginManager: Mounting plugin GooglePAD
LogPluginManager: Mounting plugin ScreenshotTools
LogPluginManager: Mounting plugin IOSDeviceProfileSelector
LogPluginManager: Mounting plugin LinuxDeviceProfileSelector
LogPluginManager: Mounting plugin LocationServicesBPLibrary
LogPluginManager: Mounting plugin MobilePatchingUtils
LogPluginManager: Mounting plugin OpenXREyeTracker
LogPluginManager: Mounting plugin OpenXR
LogPluginManager: Mounting plugin OpenXRHandTracking
LogPluginManager: Mounting plugin PostSplashScreen
LogPluginManager: Mounting plugin PhysXVehicles
LogPluginManager: Mounting plugin ProceduralMeshComponent
LogPluginManager: Mounting plugin PropertyAccessEditor
LogPluginManager: Mounting plugin RuntimePhysXCooking
LogPluginManager: Mounting plugin SignificanceManager
LogPluginManager: Mounting plugin SoundFields
LogPluginManager: Mounting plugin Synthesis
LogPluginManager: Mounting plugin WebMMoviePlayer
LogPluginManager: Mounting plugin WindowsMoviePlayer
LogPluginManager: Mounting plugin Takes
LogPluginManager: Mounting plugin CodeLiteSourceCodeAccess
LogPluginManager: Mounting plugin GitSourceControl
LogPluginManager: Mounting plugin NullSourceCodeAccess
LogPluginManager: Mounting plugin KDevelopSourceCodeAccess
LogPluginManager: Mounting plugin PixWinPlugin
LogPluginManager: Mounting plugin PlasticSourceControl
LogPluginManager: Mounting plugin PluginUtils
LogPluginManager: Mounting plugin PropertyAccessNode
LogPluginManager: Mounting plugin RiderSourceCodeAccess
LogPluginManager: Mounting plugin SubversionSourceControl
LogPluginManager: Mounting plugin PerforceSourceControl
LogPluginManager: Mounting plugin TextureFormatOodle
LogPluginManager: Mounting plugin UObjectPlugin
LogPluginManager: Mounting plugin VisualStudioSourceCodeAccess
LogPluginManager: Mounting plugin VisualStudioCodeSourceCodeAccess
LogPluginManager: Mounting plugin XCodeSourceCodeAccess
LogPluginManager: Mounting plugin ContentBrowserClassDataSource
LogPluginManager: Mounting plugin ContentBrowserAssetDataSource
LogPluginManager: Mounting plugin ContentBrowserFileDataSource
LogPluginManager: Mounting plugin OnlineSubsystemGooglePlay
LogPluginManager: Mounting plugin OnlineSubsystemIOS
LogPluginManager: Mounting plugin SQLiteSupport
LogPluginManager: Mounting plugin DatabaseSupport
LogPluginManager: Mounting plugin SQLiteCore
LogPluginManager: Mounting plugin OculusVR
LogPluginManager: Mounting plugin SteamVR
LogInit: Using libcurl 7.55.1-DEV
LogInit:  - built for x86_64-pc-win32
LogInit:  - supports SSL with OpenSSL/1.1.1
LogInit:  - supports HTTP deflate (compression) using libz 1.2.8
LogInit:  - other features:
LogInit:      CURL_VERSION_SSL
LogInit:      CURL_VERSION_LIBZ
LogInit:      CURL_VERSION_IPV6
LogInit:      CURL_VERSION_ASYNCHDNS
LogInit:      CURL_VERSION_LARGEFILE
LogInit:      CURL_VERSION_IDN
LogInit:  CurlRequestOptions (configurable via config and command line):
LogInit:  - bVerifyPeer = true  - Libcurl will verify peer certificate
LogInit:  - bUseHttpProxy = false  - Libcurl will NOT use HTTP proxy
LogInit:  - bDontReuseConnections = false  - Libcurl will reuse connections
LogInit:  - MaxHostConnections = 16  - Libcurl will limit the number of connections to a host
LogInit:  - LocalHostAddr = Default
LogInit:  - BufferSize = 65536
LogOnline: OSS: Creating online subsystem instance for: NULL
LogInit: WinSock: version 1.1 (2.2), MaxSocks=32767, MaxUdp=65467
LogOnline: OSS: TryLoadSubsystemAndSetDefault: Loaded subsystem for module [NULL]
PixWinPlugin: PIX capture plugin failed to initialize! Check that the process is launched from PIX.
LogOculusPluginWrapper: OculusPlugin initialized successfully
LogHMD: Failed initializing OVRPlugin 1.59.0
LogInit: Build: ++UE4+Release-4.27-CL-18319896
LogInit: Engine Version: 4.27.2-18319896+++UE4+Release-4.27
LogInit: Compatible Engine Version: 4.27.0-17155196+++UE4+Release-4.27
LogInit: Net CL: 17155196
LogInit: OS: Windows 10 (Release 2009) (), CPU: Intel(R) Core(TM) i7-7700 CPU @ 3.60GHz, GPU: Intel(R) HD Graphics 630
LogInit: Compiled (64-bit): Nov 30 2021 07:12:08
LogInit: Compiled with Visual C++: 19.24.28315.00
LogInit: Build Configuration: Development
LogInit: Branch Name: ++UE4+Release-4.27
LogInit: Command Line: 
LogInit: Base Directory: C:/Unreal/UE_4.27/Engine/Binaries/Win64/
LogInit: Allocator: TBB
LogInit: Installed Engine Build: 1
LogDevObjectVersion: Number of dev versions registered: 29
LogDevObjectVersion:   Dev-Blueprints (B0D832E4-1F89-4F0D-ACCF-7EB736FD4AA2): 10
LogDevObjectVersion:   Dev-Build (E1C64328-A22C-4D53-A36C-8E866417BD8C): 0
LogDevObjectVersion:   Dev-Core (375EC13C-06E4-48FB-B500-84F0262A717E): 4
LogDevObjectVersion:   Dev-Editor (E4B068ED-F494-42E9-A231-DA0B2E46BB41): 40
LogDevObjectVersion:   Dev-Framework (CFFC743F-43B0-4480-9391-14DF171D2073): 37
LogDevObjectVersion:   Dev-Mobile (B02B49B5-BB20-44E9-A304-32B752E40360): 3
LogDevObjectVersion:   Dev-Networking (A4E4105C-59A1-49B5-A7C5-40C4547EDFEE): 0
LogDevObjectVersion:   Dev-Online (39C831C9-5AE6-47DC-9A44-9C173E1C8E7C): 0
LogDevObjectVersion:   Dev-Physics (78F01B33-EBEA-4F98-B9B4-84EACCB95AA2): 14
LogDevObjectVersion:   Dev-Platform (6631380F-2D4D-43E0-8009-CF276956A95A): 0
LogDevObjectVersion:   Dev-Rendering (12F88B9F-8875-4AFC-A67C-D90C383ABD29): 45
LogDevObjectVersion:   Dev-Sequencer (7B5AE74C-D270-4C10-A958-57980B212A5A): 13
LogDevObjectVersion:   Dev-VR (D7296918-1DD6-4BDD-9DE2-64A83CC13884): 3
LogDevObjectVersion:   Dev-LoadTimes (C2A15278-BFE7-4AFE-6C17-90FF531DF755): 1
LogDevObjectVersion:   Private-Geometry (6EACA3D4-40EC-4CC1-B786-8BED09428FC5): 3
LogDevObjectVersion:   Dev-AnimPhys (29E575DD-E0A3-4627-9D10-D276232CDCEA): 17
LogDevObjectVersion:   Dev-Anim (AF43A65D-7FD3-4947-9873-3E8ED9C1BB05): 15
LogDevObjectVersion:   Dev-ReflectionCapture (6B266CEC-1EC7-4B8F-A30B-E4D90942FC07): 1
LogDevObjectVersion:   Dev-Automation (0DF73D61-A23F-47EA-B727-89E90C41499A): 1
LogDevObjectVersion:   FortniteMain (601D1886-AC64-4F84-AA16-D3DE0DEAC7D6): 47
LogDevObjectVersion:   FortniteRelease (E7086368-6B23-4C58-8439-1B7016265E91): 1
LogDevObjectVersion:   Dev-Enterprise (9DFFBCD6-494F-0158-E221-12823C92A888): 10
LogDevObjectVersion:   Dev-Niagara (F2AED0AC-9AFE-416F-8664-AA7FFA26D6FC): 1
LogDevObjectVersion:   Dev-Destruction (174F1F0B-B4C6-45A5-B13F-2EE8D0FB917D): 10
LogDevObjectVersion:   Dev-Physics-Ext (35F94A83-E258-406C-A318-09F59610247C): 41
LogDevObjectVersion:   Dev-PhysicsMaterial-Chaos (B68FC16E-8B1B-42E2-B453-215C058844FE): 1
LogDevObjectVersion:   Dev-CineCamera (B2E18506-4273-CFC2-A54E-F4BB758BBA07): 1
LogDevObjectVersion:   Dev-VirtualProduction (64F58936-FD1B-42BA-BA96-7289D5D0FA4E): 1
LogDevObjectVersion:   Dev-MediaFramework (6F0ED827-A609-4895-9C91-998D90180EA4): 2
LogInit: Presizing for max 25165824 objects, including 0 objects not considered by GC, pre-allocating 0 bytes for permanent pool.
LogConfig: Applying CVar settings from Section [/Script/Engine.StreamingSettings] File [E:/TD4/PFE/InfernalDrive/Saved/Config/Windows/Engine.ini]
LogConfig: Setting CVar [[s.MinBulkDataSizeForAsyncLoading:131072]]
LogConfig: Setting CVar [[s.AsyncLoadingThreadEnabled:0]]
LogConfig: Setting CVar [[s.EventDrivenLoaderEnabled:1]]
LogConfig: Setting CVar [[s.WarnIfTimeLimitExceeded:0]]
LogConfig: Setting CVar [[s.TimeLimitExceededMultiplier:1.5]]
LogConfig: Setting CVar [[s.TimeLimitExceededMinTime:0.005]]
LogConfig: Setting CVar [[s.UseBackgroundLevelStreaming:1]]
LogConfig: Setting CVar [[s.PriorityAsyncLoadingExtraTime:15.0]]
LogConfig: Setting CVar [[s.LevelStreamingActorsUpdateTimeLimit:5.0]]
LogConfig: Setting CVar [[s.PriorityLevelStreamingActorsUpdateExtraTime:5.0]]
LogConfig: Setting CVar [[s.LevelStreamingComponentsRegistrationGranularity:10]]
LogConfig: Setting CVar [[s.UnregisterComponentsTimeLimit:1.0]]
LogConfig: Setting CVar [[s.LevelStreamingComponentsUnregistrationGranularity:5]]
LogConfig: Setting CVar [[s.FlushStreamingOnExit:1]]
LogInit: Object subsystem initialized
LogConfig: Setting CVar [[con.DebugEarlyDefault:1]]
LogConfig: Setting CVar [[r.setres:1280x720]]
[2022.04.19-09.44.51:460][  0]LogConfig: Setting CVar [[r.VSync:0]]
[2022.04.19-09.44.51:460][  0]LogConfig: Setting CVar [[r.RHICmdBypass:0]]
[2022.04.19-09.44.51:460][  0]LogConfig: Applying CVar settings from Section [/Script/Engine.RendererSettings] File [E:/TD4/PFE/InfernalDrive/Saved/Config/Windows/Engine.ini]
[2022.04.19-09.44.51:460][  0]LogConfig: Setting CVar [[r.GPUCrashDebugging:0]]
[2022.04.19-09.44.51:460][  0]LogConfig: Applying CVar settings from Section [/Script/Engine.RendererOverrideSettings] File [E:/TD4/PFE/InfernalDrive/Saved/Config/Windows/Engine.ini]
[2022.04.19-09.44.51:460][  0]LogConfig: Applying CVar settings from Section [/Script/Engine.StreamingSettings] File [E:/TD4/PFE/InfernalDrive/Saved/Config/Windows/Engine.ini]
[2022.04.19-09.44.51:460][  0]LogConfig: Setting CVar [[s.MinBulkDataSizeForAsyncLoading:131072]]
[2022.04.19-09.44.51:460][  0]LogConfig: Setting CVar [[s.AsyncLoadingThreadEnabled:0]]
[2022.04.19-09.44.51:460][  0]LogConfig: Setting CVar [[s.EventDrivenLoaderEnabled:1]]
[2022.04.19-09.44.51:460][  0]LogConfig: Setting CVar [[s.WarnIfTimeLimitExceeded:0]]
[2022.04.19-09.44.51:460][  0]LogConfig: Setting CVar [[s.TimeLimitExceededMultiplier:1.5]]
[2022.04.19-09.44.51:460][  0]LogConfig: Setting CVar [[s.TimeLimitExceededMinTime:0.005]]
[2022.04.19-09.44.51:460][  0]LogConfig: Setting CVar [[s.UseBackgroundLevelStreaming:1]]
[2022.04.19-09.44.51:460][  0]LogConfig: Setting CVar [[s.PriorityAsyncLoadingExtraTime:15.0]]
[2022.04.19-09.44.51:460][  0]LogConfig: Setting CVar [[s.LevelStreamingActorsUpdateTimeLimit:5.0]]
[2022.04.19-09.44.51:460][  0]LogConfig: Setting CVar [[s.PriorityLevelStreamingActorsUpdateExtraTime:5.0]]
[2022.04.19-09.44.51:460][  0]LogConfig: Setting CVar [[s.LevelStreamingComponentsRegistrationGranularity:10]]
[2022.04.19-09.44.51:460][  0]LogConfig: Setting CVar [[s.UnregisterComponentsTimeLimit:1.0]]
[2022.04.19-09.44.51:460][  0]LogConfig: Setting CVar [[s.LevelStreamingComponentsUnregistrationGranularity:5]]
[2022.04.19-09.44.51:460][  0]LogConfig: Setting CVar [[s.FlushStreamingOnExit:1]]
[2022.04.19-09.44.51:460][  0]LogConfig: Applying CVar settings from Section [/Script/Engine.GarbageCollectionSettings] File [E:/TD4/PFE/InfernalDrive/Saved/Config/Windows/Engine.ini]
[2022.04.19-09.44.51:460][  0]LogConfig: Setting CVar [[gc.MaxObjectsNotConsideredByGC:1]]
[2022.04.19-09.44.51:460][  0]LogConfig: Setting CVar [[gc.SizeOfPermanentObjectPool:0]]
[2022.04.19-09.44.51:460][  0]LogConfig: Setting CVar [[gc.FlushStreamingOnGC:0]]
[2022.04.19-09.44.51:460][  0]LogConfig: Setting CVar [[gc.NumRetriesBeforeForcingGC:10]]
[2022.04.19-09.44.51:460][  0]LogConfig: Setting CVar [[gc.AllowParallelGC:1]]
[2022.04.19-09.44.51:460][  0]LogConfig: Setting CVar [[gc.TimeBetweenPurgingPendingKillObjects:61.1]]
[2022.04.19-09.44.51:460][  0]LogConfig: Setting CVar [[gc.MaxObjectsInEditor:25165824]]
[2022.04.19-09.44.51:460][  0]LogConfig: Setting CVar [[gc.IncrementalBeginDestroyEnabled:1]]
[2022.04.19-09.44.51:460][  0]LogConfig: Setting CVar [[gc.CreateGCClusters:1]]
[2022.04.19-09.44.51:460][  0]LogConfig: Setting CVar [[gc.MinGCClusterSize:5]]
[2022.04.19-09.44.51:460][  0]LogConfig: Setting CVar [[gc.ActorClusteringEnabled:0]]
[2022.04.19-09.44.51:460][  0]LogConfig: Setting CVar [[gc.BlueprintClusteringEnabled:0]]
[2022.04.19-09.44.51:460][  0]LogConfig: Setting CVar [[gc.UseDisregardForGCOnDedicatedServers:0]]
[2022.04.19-09.44.51:460][  0]LogConfig: Setting CVar [[gc.MultithreadedDestructionEnabled:1]]
[2022.04.19-09.44.51:460][  0]LogConfig: Applying CVar settings from Section [/Script/Engine.NetworkSettings] File [E:/TD4/PFE/InfernalDrive/Saved/Config/Windows/Engine.ini]
[2022.04.19-09.44.51:460][  0]LogConfig: Applying CVar settings from Section [/Script/UnrealEd.CookerSettings] File [E:/TD4/PFE/InfernalDrive/Saved/Config/Windows/Engine.ini]
[2022.04.19-09.44.51:465][  0]LogConfig: Applying CVar settings from Section [ViewDistanceQuality@3] File [E:/TD4/PFE/InfernalDrive/Saved/Config/Windows/Scalability.ini]
[2022.04.19-09.44.51:465][  0]LogConfig: Setting CVar [[r.SkeletalMeshLODBias:0]]
[2022.04.19-09.44.51:465][  0]LogConfig: Setting CVar [[r.ViewDistanceScale:1.0]]
[2022.04.19-09.44.51:465][  0]LogConfig: Applying CVar settings from Section [AntiAliasingQuality@3] File [E:/TD4/PFE/InfernalDrive/Saved/Config/Windows/Scalability.ini]
[2022.04.19-09.44.51:465][  0]LogConfig: Setting CVar [[r.PostProcessAAQuality:4]]
[2022.04.19-09.44.51:465][  0]LogConfig: Applying CVar settings from Section [ShadowQuality@3] File [E:/TD4/PFE/InfernalDrive/Saved/Config/Windows/Scalability.ini]
[2022.04.19-09.44.51:465][  0]LogConfig: Setting CVar [[r.LightFunctionQuality:1]]
[2022.04.19-09.44.51:465][  0]LogConfig: Setting CVar [[r.ShadowQuality:5]]
[2022.04.19-09.44.51:465][  0]LogConfig: Setting CVar [[r.Shadow.CSM.MaxCascades:10]]
[2022.04.19-09.44.51:465][  0]LogConfig: Setting CVar [[r.Shadow.MaxResolution:2048]]
[2022.04.19-09.44.51:465][  0]LogConfig: Setting CVar [[r.Shadow.MaxCSMResolution:2048]]
[2022.04.19-09.44.51:465][  0]LogConfig: Setting CVar [[r.Shadow.RadiusThreshold:0.01]]
[2022.04.19-09.44.51:465][  0]LogConfig: Setting CVar [[r.Shadow.DistanceScale:1.0]]
[2022.04.19-09.44.51:465][  0]LogConfig: Setting CVar [[r.Shadow.CSM.TransitionScale:1.0]]
[2022.04.19-09.44.51:465][  0]LogConfig: Setting CVar [[r.Shadow.PreShadowResolutionFactor:1.0]]
[2022.04.19-09.44.51:465][  0]LogConfig: Setting CVar [[r.DistanceFieldShadowing:1]]
[2022.04.19-09.44.51:465][  0]LogConfig: Setting CVar [[r.DistanceFieldAO:1]]
[2022.04.19-09.44.51:465][  0]LogConfig: Setting CVar [[r.AOQuality:2]]
[2022.04.19-09.44.51:465][  0]LogConfig: Setting CVar [[r.VolumetricFog:1]]
[2022.04.19-09.44.51:465][  0]LogConfig: Setting CVar [[r.VolumetricFog.GridPixelSize:8]]
[2022.04.19-09.44.51:465][  0]LogConfig: Setting CVar [[r.VolumetricFog.GridSizeZ:128]]
[2022.04.19-09.44.51:465][  0]LogConfig: Setting CVar [[r.VolumetricFog.HistoryMissSupersampleCount:4]]
[2022.04.19-09.44.51:465][  0]LogConfig: Setting CVar [[r.LightMaxDrawDistanceScale:1]]
[2022.04.19-09.44.51:465][  0]LogConfig: Setting CVar [[r.CapsuleShadows:1]]
[2022.04.19-09.44.51:465][  0]LogConfig: Applying CVar settings from Section [PostProcessQuality@3] File [E:/TD4/PFE/InfernalDrive/Saved/Config/Windows/Scalability.ini]
[2022.04.19-09.44.51:465][  0]LogConfig: Setting CVar [[r.MotionBlurQuality:4]]
[2022.04.19-09.44.51:466][  0]LogConfig: Setting CVar [[r.AmbientOcclusionMipLevelFactor:0.4]]
[2022.04.19-09.44.51:466][  0]LogConfig: Setting CVar [[r.AmbientOcclusionMaxQuality:100]]
[2022.04.19-09.44.51:466][  0]LogConfig: Setting CVar [[r.AmbientOcclusionLevels:-1]]
[2022.04.19-09.44.51:466][  0]LogConfig: Setting CVar [[r.AmbientOcclusionRadiusScale:1.0]]
[2022.04.19-09.44.51:466][  0]LogConfig: Setting CVar [[r.DepthOfFieldQuality:2]]
[2022.04.19-09.44.51:466][  0]LogConfig: Setting CVar [[r.RenderTargetPoolMin:400]]
[2022.04.19-09.44.51:466][  0]LogConfig: Setting CVar [[r.LensFlareQuality:2]]
[2022.04.19-09.44.51:466][  0]LogConfig: Setting CVar [[r.SceneColorFringeQuality:1]]
[2022.04.19-09.44.51:466][  0]LogConfig: Setting CVar [[r.EyeAdaptationQuality:2]]
[2022.04.19-09.44.51:466][  0]LogConfig: Setting CVar [[r.BloomQuality:5]]
[2022.04.19-09.44.51:466][  0]LogConfig: Setting CVar [[r.FastBlurThreshold:100]]
[2022.04.19-09.44.51:466][  0]LogConfig: Setting CVar [[r.Upscale.Quality:3]]
[2022.04.19-09.44.51:466][  0]LogConfig: Setting CVar [[r.Tonemapper.GrainQuantization:1]]
[2022.04.19-09.44.51:466][  0]LogConfig: Setting CVar [[r.LightShaftQuality:1]]
[2022.04.19-09.44.51:466][  0]LogConfig: Setting CVar [[r.Filter.SizeScale:1]]
[2022.04.19-09.44.51:466][  0]LogConfig: Setting CVar [[r.Tonemapper.Quality:5]]
[2022.04.19-09.44.51:466][  0]LogConfig: Setting CVar [[r.DOF.Gather.AccumulatorQuality:1        ; higher gathering accumulator quality]]
[2022.04.19-09.44.51:466][  0]LogConfig: Setting CVar [[r.DOF.Gather.PostfilterMethod:1          ; Median3x3 postfilering method]]
[2022.04.19-09.44.51:466][  0]LogConfig: Setting CVar [[r.DOF.Gather.EnableBokehSettings:0       ; no bokeh simulation when gathering]]
[2022.04.19-09.44.51:466][  0]LogConfig: Setting CVar [[r.DOF.Gather.RingCount:4                 ; medium number of samples when gathering]]
[2022.04.19-09.44.51:466][  0]LogConfig: Setting CVar [[r.DOF.Scatter.ForegroundCompositing:1    ; additive foreground scattering]]
[2022.04.19-09.44.51:466][  0]LogConfig: Setting CVar [[r.DOF.Scatter.BackgroundCompositing:2    ; additive background scattering]]
[2022.04.19-09.44.51:466][  0]LogConfig: Setting CVar [[r.DOF.Scatter.EnableBokehSettings:1      ; bokeh simulation when scattering]]
[2022.04.19-09.44.51:466][  0]LogConfig: Setting CVar [[r.DOF.Scatter.MaxSpriteRatio:0.1         ; only a maximum of 10% of scattered bokeh]]
[2022.04.19-09.44.51:466][  0]LogConfig: Setting CVar [[r.DOF.Recombine.Quality:1                ; cheap slight out of focus]]
[2022.04.19-09.44.51:466][  0]LogConfig: Setting CVar [[r.DOF.Recombine.EnableBokehSettings:0    ; no bokeh simulation on slight out of focus]]
[2022.04.19-09.44.51:466][  0]LogConfig: Setting CVar [[r.DOF.TemporalAAQuality:1                ; more stable temporal accumulation]]
[2022.04.19-09.44.51:466][  0]LogConfig: Setting CVar [[r.DOF.Kernel.MaxForegroundRadius:0.025]]
[2022.04.19-09.44.51:466][  0]LogConfig: Setting CVar [[r.DOF.Kernel.MaxBackgroundRadius:0.025]]
[2022.04.19-09.44.51:466][  0]LogConfig: Applying CVar settings from Section [TextureQuality@3] File [E:/TD4/PFE/InfernalDrive/Saved/Config/Windows/Scalability.ini]
[2022.04.19-09.44.51:466][  0]LogConfig: Setting CVar [[r.Streaming.MipBias:0]]
[2022.04.19-09.44.51:466][  0]LogConfig: Setting CVar [[r.Streaming.AmortizeCPUToGPUCopy:0]]
[2022.04.19-09.44.51:466][  0]LogConfig: Setting CVar [[r.Streaming.MaxNumTexturesToStreamPerFrame:0]]
[2022.04.19-09.44.51:466][  0]LogConfig: Setting CVar [[r.Streaming.Boost:1]]
[2022.04.19-09.44.51:466][  0]LogConfig: Setting CVar [[r.MaxAnisotropy:8]]
[2022.04.19-09.44.51:466][  0]LogConfig: Setting CVar [[r.VT.MaxAnisotropy:8]]
[2022.04.19-09.44.51:466][  0]LogConfig: Setting CVar [[r.Streaming.LimitPoolSizeToVRAM:0]]
[2022.04.19-09.44.51:466][  0]LogConfig: Setting CVar [[r.Streaming.PoolSize:1000]]
[2022.04.19-09.44.51:466][  0]LogConfig: Setting CVar [[r.Streaming.MaxEffectiveScreenSize:0]]
[2022.04.19-09.44.51:466][  0]LogConfig: Applying CVar settings from Section [EffectsQuality@3] File [E:/TD4/PFE/InfernalDrive/Saved/Config/Windows/Scalability.ini]
[2022.04.19-09.44.51:466][  0]LogConfig: Setting CVar [[r.TranslucencyLightingVolumeDim:64]]
[2022.04.19-09.44.51:466][  0]LogConfig: Setting CVar [[r.RefractionQuality:2]]
[2022.04.19-09.44.51:466][  0]LogConfig: Setting CVar [[r.SSR.Quality:3]]
[2022.04.19-09.44.51:466][  0]LogConfig: Setting CVar [[r.SSR.HalfResSceneColor:0]]
[2022.04.19-09.44.51:466][  0]LogConfig: Setting CVar [[r.SceneColorFormat:4]]
[2022.04.19-09.44.51:466][  0]LogConfig: Setting CVar [[r.DetailMode:2]]
[2022.04.19-09.44.51:466][  0]LogConfig: Setting CVar [[r.TranslucencyVolumeBlur:1]]
[2022.04.19-09.44.51:466][  0]LogConfig: Setting CVar [[r.MaterialQualityLevel:1 ; High quality]]
[2022.04.19-09.44.51:466][  0]LogConfig: Setting CVar [[r.AnisotropicMaterials:1]]
[2022.04.19-09.44.51:466][  0]LogConfig: Setting CVar [[r.SSS.Scale:1]]
[2022.04.19-09.44.51:466][  0]LogConfig: Setting CVar [[r.SSS.SampleSet:2]]
[2022.04.19-09.44.51:466][  0]LogConfig: Setting CVar [[r.SSS.Quality:1]]
[2022.04.19-09.44.51:466][  0]LogConfig: Setting CVar [[r.SSS.HalfRes:0]]
[2022.04.19-09.44.51:466][  0]LogConfig: Setting CVar [[r.SSGI.Quality:3]]
[2022.04.19-09.44.51:466][  0]LogConfig: Setting CVar [[r.EmitterSpawnRateScale:1.0]]
[2022.04.19-09.44.51:466][  0]LogConfig: Setting CVar [[r.ParticleLightQuality:2]]
[2022.04.19-09.44.51:466][  0]LogConfig: Setting CVar [[r.SkyAtmosphere.AerialPerspectiveLUT.FastApplyOnOpaque:1 ; Always have FastSkyLUT 1 in this case to avoid wrong sky]]
[2022.04.19-09.44.51:466][  0]LogConfig: Setting CVar [[r.SkyAtmosphere.AerialPerspectiveLUT.SampleCountMaxPerSlice:4]]
[2022.04.19-09.44.51:466][  0]LogConfig: Setting CVar [[r.SkyAtmosphere.AerialPerspectiveLUT.DepthResolution:16.0]]
[2022.04.19-09.44.51:466][  0]LogConfig: Setting CVar [[r.SkyAtmosphere.FastSkyLUT:1]]
[2022.04.19-09.44.51:466][  0]LogConfig: Setting CVar [[r.SkyAtmosphere.FastSkyLUT.SampleCountMin:4.0]]
[2022.04.19-09.44.51:466][  0]LogConfig: Setting CVar [[r.SkyAtmosphere.FastSkyLUT.SampleCountMax:128.0]]
[2022.04.19-09.44.51:466][  0]LogConfig: Setting CVar [[r.SkyAtmosphere.SampleCountMin:4.0]]
[2022.04.19-09.44.51:466][  0]LogConfig: Setting CVar [[r.SkyAtmosphere.SampleCountMax:128.0]]
[2022.04.19-09.44.51:466][  0]LogConfig: Setting CVar [[r.SkyAtmosphere.TransmittanceLUT.UseSmallFormat:0]]
[2022.04.19-09.44.51:466][  0]LogConfig: Setting CVar [[r.SkyAtmosphere.TransmittanceLUT.SampleCount:10.0]]
[2022.04.19-09.44.51:466][  0]LogConfig: Setting CVar [[r.SkyAtmosphere.MultiScatteringLUT.SampleCount:15.0]]
[2022.04.19-09.44.51:466][  0]LogConfig: Setting CVar [[r.SkyLight.RealTimeReflectionCapture:1]]
[2022.04.19-09.44.51:466][  0]LogConfig: Applying CVar settings from Section [FoliageQuality@3] File [E:/TD4/PFE/InfernalDrive/Saved/Config/Windows/Scalability.ini]
[2022.04.19-09.44.51:466][  0]LogConfig: Setting CVar [[foliage.DensityScale:1.0]]
[2022.04.19-09.44.51:466][  0]LogConfig: Setting CVar [[grass.DensityScale:1.0]]
[2022.04.19-09.44.51:466][  0]LogConfig: Applying CVar settings from Section [ShadingQuality@3] File [E:/TD4/PFE/InfernalDrive/Saved/Config/Windows/Scalability.ini]
[2022.04.19-09.44.51:466][  0]LogConfig: Setting CVar [[r.HairStrands.SkyLighting.IntegrationType:2]]
[2022.04.19-09.44.51:466][  0]LogConfig: Setting CVar [[r.HairStrands.SkyAO.SampleCount:4]]
[2022.04.19-09.44.51:466][  0]LogConfig: Setting CVar [[r.HairStrands.Visibility.MSAA.SamplePerPixel:4]]
[2022.04.19-09.44.51:466][  0]LogInit: Selected Device Profile: [Windows]
[2022.04.19-09.44.51:466][  0]LogInit: Applying CVar settings loaded from the selected device profile: [Windows]
[2022.04.19-09.44.51:466][  0]LogHAL: Display: Platform has ~ 32 GB [34254528512 / 34359738368 / 32], which maps to Largest [LargestMinGB=32, LargerMinGB=12, DefaultMinGB=8, SmallerMinGB=6, SmallestMinGB=0)
[2022.04.19-09.44.51:466][  0]LogInit: Going up to parent DeviceProfile []
[2022.04.19-09.44.51:466][  0]LogConfig: Applying CVar settings from Section [ViewDistanceQuality@3] File [E:/TD4/PFE/InfernalDrive/Saved/Config/Windows/Scalability.ini]
[2022.04.19-09.44.51:466][  0]LogConfig: Setting CVar [[r.SkeletalMeshLODBias:0]]
[2022.04.19-09.44.51:466][  0]LogConfig: Setting CVar [[r.ViewDistanceScale:1.0]]
[2022.04.19-09.44.51:466][  0]LogConfig: Applying CVar settings from Section [AntiAliasingQuality@3] File [E:/TD4/PFE/InfernalDrive/Saved/Config/Windows/Scalability.ini]
[2022.04.19-09.44.51:467][  0]LogConfig: Setting CVar [[r.PostProcessAAQuality:4]]
[2022.04.19-09.44.51:467][  0]LogConfig: Applying CVar settings from Section [ShadowQuality@3] File [E:/TD4/PFE/InfernalDrive/Saved/Config/Windows/Scalability.ini]
[2022.04.19-09.44.51:467][  0]LogConfig: Setting CVar [[r.LightFunctionQuality:1]]
[2022.04.19-09.44.51:467][  0]LogConfig: Setting CVar [[r.ShadowQuality:5]]
[2022.04.19-09.44.51:467][  0]LogConfig: Setting CVar [[r.Shadow.CSM.MaxCascades:10]]
[2022.04.19-09.44.51:467][  0]LogConfig: Setting CVar [[r.Shadow.MaxResolution:2048]]
[2022.04.19-09.44.51:467][  0]LogConfig: Setting CVar [[r.Shadow.MaxCSMResolution:2048]]
[2022.04.19-09.44.51:467][  0]LogConfig: Setting CVar [[r.Shadow.RadiusThreshold:0.01]]
[2022.04.19-09.44.51:467][  0]LogConfig: Setting CVar [[r.Shadow.DistanceScale:1.0]]
[2022.04.19-09.44.51:467][  0]LogConfig: Setting CVar [[r.Shadow.CSM.TransitionScale:1.0]]
[2022.04.19-09.44.51:467][  0]LogConfig: Setting CVar [[r.Shadow.PreShadowResolutionFactor:1.0]]
[2022.04.19-09.44.51:467][  0]LogConfig: Setting CVar [[r.DistanceFieldShadowing:1]]
[2022.04.19-09.44.51:467][  0]LogConfig: Setting CVar [[r.DistanceFieldAO:1]]
[2022.04.19-09.44.51:467][  0]LogConfig: Setting CVar [[r.AOQuality:2]]
[2022.04.19-09.44.51:467][  0]LogConfig: Setting CVar [[r.VolumetricFog:1]]
[2022.04.19-09.44.51:467][  0]LogConfig: Setting CVar [[r.VolumetricFog.GridPixelSize:8]]
[2022.04.19-09.44.51:467][  0]LogConfig: Setting CVar [[r.VolumetricFog.GridSizeZ:128]]
[2022.04.19-09.44.51:467][  0]LogConfig: Setting CVar [[r.VolumetricFog.HistoryMissSupersampleCount:4]]
[2022.04.19-09.44.51:467][  0]LogConfig: Setting CVar [[r.LightMaxDrawDistanceScale:1]]
[2022.04.19-09.44.51:467][  0]LogConfig: Setting CVar [[r.CapsuleShadows:1]]
[2022.04.19-09.44.51:467][  0]LogConfig: Applying CVar settings from Section [PostProcessQuality@3] File [E:/TD4/PFE/InfernalDrive/Saved/Config/Windows/Scalability.ini]
[2022.04.19-09.44.51:467][  0]LogConfig: Setting CVar [[r.MotionBlurQuality:4]]
[2022.04.19-09.44.51:467][  0]LogConfig: Setting CVar [[r.AmbientOcclusionMipLevelFactor:0.4]]
[2022.04.19-09.44.51:467][  0]LogConfig: Setting CVar [[r.AmbientOcclusionMaxQuality:100]]
[2022.04.19-09.44.51:467][  0]LogConfig: Setting CVar [[r.AmbientOcclusionLevels:-1]]
[2022.04.19-09.44.51:467][  0]LogConfig: Setting CVar [[r.AmbientOcclusionRadiusScale:1.0]]
[2022.04.19-09.44.51:467][  0]LogConfig: Setting CVar [[r.DepthOfFieldQuality:2]]
[2022.04.19-09.44.51:467][  0]LogConfig: Setting CVar [[r.RenderTargetPoolMin:400]]
[2022.04.19-09.44.51:467][  0]LogConfig: Setting CVar [[r.LensFlareQuality:2]]
[2022.04.19-09.44.51:467][  0]LogConfig: Setting CVar [[r.SceneColorFringeQuality:1]]
[2022.04.19-09.44.51:467][  0]LogConfig: Setting CVar [[r.EyeAdaptationQuality:2]]
[2022.04.19-09.44.51:467][  0]LogConfig: Setting CVar [[r.BloomQuality:5]]
[2022.04.19-09.44.51:467][  0]LogConfig: Setting CVar [[r.FastBlurThreshold:100]]
[2022.04.19-09.44.51:467][  0]LogConfig: Setting CVar [[r.Upscale.Quality:3]]
[2022.04.19-09.44.51:467][  0]LogConfig: Setting CVar [[r.Tonemapper.GrainQuantization:1]]
[2022.04.19-09.44.51:467][  0]LogConfig: Setting CVar [[r.LightShaftQuality:1]]
[2022.04.19-09.44.51:467][  0]LogConfig: Setting CVar [[r.Filter.SizeScale:1]]
[2022.04.19-09.44.51:467][  0]LogConfig: Setting CVar [[r.Tonemapper.Quality:5]]
[2022.04.19-09.44.51:467][  0]LogConfig: Setting CVar [[r.DOF.Gather.AccumulatorQuality:1        ; higher gathering accumulator quality]]
[2022.04.19-09.44.51:467][  0]LogConfig: Setting CVar [[r.DOF.Gather.PostfilterMethod:1          ; Median3x3 postfilering method]]
[2022.04.19-09.44.51:467][  0]LogConfig: Setting CVar [[r.DOF.Gather.EnableBokehSettings:0       ; no bokeh simulation when gathering]]
[2022.04.19-09.44.51:467][  0]LogConfig: Setting CVar [[r.DOF.Gather.RingCount:4                 ; medium number of samples when gathering]]
[2022.04.19-09.44.51:467][  0]LogConfig: Setting CVar [[r.DOF.Scatter.ForegroundCompositing:1    ; additive foreground scattering]]
[2022.04.19-09.44.51:467][  0]LogConfig: Setting CVar [[r.DOF.Scatter.BackgroundCompositing:2    ; additive background scattering]]
[2022.04.19-09.44.51:467][  0]LogConfig: Setting CVar [[r.DOF.Scatter.EnableBokehSettings:1      ; bokeh simulation when scattering]]
[2022.04.19-09.44.51:467][  0]LogConfig: Setting CVar [[r.DOF.Scatter.MaxSpriteRatio:0.1         ; only a maximum of 10% of scattered bokeh]]
[2022.04.19-09.44.51:467][  0]LogConfig: Setting CVar [[r.DOF.Recombine.Quality:1                ; cheap slight out of focus]]
[2022.04.19-09.44.51:467][  0]LogConfig: Setting CVar [[r.DOF.Recombine.EnableBokehSettings:0    ; no bokeh simulation on slight out of focus]]
[2022.04.19-09.44.51:467][  0]LogConfig: Setting CVar [[r.DOF.TemporalAAQuality:1                ; more stable temporal accumulation]]
[2022.04.19-09.44.51:467][  0]LogConfig: Setting CVar [[r.DOF.Kernel.MaxForegroundRadius:0.025]]
[2022.04.19-09.44.51:467][  0]LogConfig: Setting CVar [[r.DOF.Kernel.MaxBackgroundRadius:0.025]]
[2022.04.19-09.44.51:467][  0]LogConfig: Applying CVar settings from Section [TextureQuality@3] File [E:/TD4/PFE/InfernalDrive/Saved/Config/Windows/Scalability.ini]
[2022.04.19-09.44.51:467][  0]LogConfig: Setting CVar [[r.Streaming.MipBias:0]]
[2022.04.19-09.44.51:467][  0]LogConfig: Setting CVar [[r.Streaming.AmortizeCPUToGPUCopy:0]]
[2022.04.19-09.44.51:467][  0]LogConfig: Setting CVar [[r.Streaming.MaxNumTexturesToStreamPerFrame:0]]
[2022.04.19-09.44.51:467][  0]LogConfig: Setting CVar [[r.Streaming.Boost:1]]
[2022.04.19-09.44.51:467][  0]LogConfig: Setting CVar [[r.MaxAnisotropy:8]]
[2022.04.19-09.44.51:467][  0]LogConfig: Setting CVar [[r.VT.MaxAnisotropy:8]]
[2022.04.19-09.44.51:467][  0]LogConfig: Setting CVar [[r.Streaming.LimitPoolSizeToVRAM:0]]
[2022.04.19-09.44.51:467][  0]LogConfig: Setting CVar [[r.Streaming.PoolSize:1000]]
[2022.04.19-09.44.51:467][  0]LogConfig: Setting CVar [[r.Streaming.MaxEffectiveScreenSize:0]]
[2022.04.19-09.44.51:467][  0]LogConfig: Applying CVar settings from Section [EffectsQuality@3] File [E:/TD4/PFE/InfernalDrive/Saved/Config/Windows/Scalability.ini]
[2022.04.19-09.44.51:467][  0]LogConfig: Setting CVar [[r.TranslucencyLightingVolumeDim:64]]
[2022.04.19-09.44.51:467][  0]LogConfig: Setting CVar [[r.RefractionQuality:2]]
[2022.04.19-09.44.51:467][  0]LogConfig: Setting CVar [[r.SSR.Quality:3]]
[2022.04.19-09.44.51:467][  0]LogConfig: Setting CVar [[r.SSR.HalfResSceneColor:0]]
[2022.04.19-09.44.51:467][  0]LogConfig: Setting CVar [[r.SceneColorFormat:4]]
[2022.04.19-09.44.51:467][  0]LogConfig: Setting CVar [[r.DetailMode:2]]
[2022.04.19-09.44.51:467][  0]LogConfig: Setting CVar [[r.TranslucencyVolumeBlur:1]]
[2022.04.19-09.44.51:467][  0]LogConfig: Setting CVar [[r.MaterialQualityLevel:1 ; High quality]]
[2022.04.19-09.44.51:467][  0]LogConfig: Setting CVar [[r.AnisotropicMaterials:1]]
[2022.04.19-09.44.51:467][  0]LogConfig: Setting CVar [[r.SSS.Scale:1]]
[2022.04.19-09.44.51:467][  0]LogConfig: Setting CVar [[r.SSS.SampleSet:2]]
[2022.04.19-09.44.51:467][  0]LogConfig: Setting CVar [[r.SSS.Quality:1]]
[2022.04.19-09.44.51:467][  0]LogConfig: Setting CVar [[r.SSS.HalfRes:0]]
[2022.04.19-09.44.51:467][  0]LogConfig: Setting CVar [[r.SSGI.Quality:3]]
[2022.04.19-09.44.51:467][  0]LogConfig: Setting CVar [[r.EmitterSpawnRateScale:1.0]]
[2022.04.19-09.44.51:467][  0]LogConfig: Setting CVar [[r.ParticleLightQuality:2]]
[2022.04.19-09.44.51:467][  0]LogConfig: Setting CVar [[r.SkyAtmosphere.AerialPerspectiveLUT.FastApplyOnOpaque:1 ; Always have FastSkyLUT 1 in this case to avoid wrong sky]]
[2022.04.19-09.44.51:467][  0]LogConfig: Setting CVar [[r.SkyAtmosphere.AerialPerspectiveLUT.SampleCountMaxPerSlice:4]]
[2022.04.19-09.44.51:467][  0]LogConfig: Setting CVar [[r.SkyAtmosphere.AerialPerspectiveLUT.DepthResolution:16.0]]
[2022.04.19-09.44.51:467][  0]LogConfig: Setting CVar [[r.SkyAtmosphere.FastSkyLUT:1]]
[2022.04.19-09.44.51:467][  0]LogConfig: Setting CVar [[r.SkyAtmosphere.FastSkyLUT.SampleCountMin:4.0]]
[2022.04.19-09.44.51:467][  0]LogConfig: Setting CVar [[r.SkyAtmosphere.FastSkyLUT.SampleCountMax:128.0]]
[2022.04.19-09.44.51:467][  0]LogConfig: Setting CVar [[r.SkyAtmosphere.SampleCountMin:4.0]]
[2022.04.19-09.44.51:467][  0]LogConfig: Setting CVar [[r.SkyAtmosphere.SampleCountMax:128.0]]
[2022.04.19-09.44.51:467][  0]LogConfig: Setting CVar [[r.SkyAtmosphere.TransmittanceLUT.UseSmallFormat:0]]
[2022.04.19-09.44.51:467][  0]LogConfig: Setting CVar [[r.SkyAtmosphere.TransmittanceLUT.SampleCount:10.0]]
[2022.04.19-09.44.51:467][  0]LogConfig: Setting CVar [[r.SkyAtmosphere.MultiScatteringLUT.SampleCount:15.0]]
[2022.04.19-09.44.51:467][  0]LogConfig: Setting CVar [[r.SkyLight.RealTimeReflectionCapture:1]]
[2022.04.19-09.44.51:467][  0]LogConfig: Applying CVar settings from Section [FoliageQuality@3] File [E:/TD4/PFE/InfernalDrive/Saved/Config/Windows/Scalability.ini]
[2022.04.19-09.44.51:467][  0]LogConfig: Setting CVar [[foliage.DensityScale:1.0]]
[2022.04.19-09.44.51:467][  0]LogConfig: Setting CVar [[grass.DensityScale:1.0]]
[2022.04.19-09.44.51:467][  0]LogConfig: Applying CVar settings from Section [ShadingQuality@3] File [E:/TD4/PFE/InfernalDrive/Saved/Config/Windows/Scalability.ini]
[2022.04.19-09.44.51:467][  0]LogConfig: Setting CVar [[r.HairStrands.SkyLighting.IntegrationType:2]]
[2022.04.19-09.44.51:467][  0]LogConfig: Setting CVar [[r.HairStrands.SkyAO.SampleCount:4]]
[2022.04.19-09.44.51:467][  0]LogConfig: Setting CVar [[r.HairStrands.Visibility.MSAA.SamplePerPixel:4]]
[2022.04.19-09.44.51:468][  0]LogConfig: Applying CVar settings from Section [Startup] File [../../../Engine/Config/ConsoleVariables.ini]
[2022.04.19-09.44.51:468][  0]LogConfig: Setting CVar [[net.UseAdaptiveNetUpdateFrequency:0]]
[2022.04.19-09.44.51:468][  0]LogConfig: Setting CVar [[p.chaos.AllowCreatePhysxBodies:1]]
[2022.04.19-09.44.51:468][  0]LogConfig: Setting CVar [[fx.SkipVectorVMBackendOptimizations:1]]
[2022.04.19-09.44.51:468][  0]LogConfig: Applying CVar settings from Section [ConsoleVariables] File [E:/TD4/PFE/InfernalDrive/Saved/Config/Windows/Engine.ini]
[2022.04.19-09.44.51:468][  0]LogConfig: Applying CVar settings from Section [ConsoleVariables] File [E:/TD4/PFE/InfernalDrive/Saved/Config/Windows/Editor.ini]
[2022.04.19-09.44.51:468][  0]LogInit: Computer: md8-2017-015
[2022.04.19-09.44.51:468][  0]LogInit: User: etudiant
[2022.04.19-09.44.51:468][  0]LogInit: CPU Page size=4096, Cores=4
[2022.04.19-09.44.51:468][  0]LogInit: High frequency timer resolution =10.000000 MHz
[2022.04.19-09.44.51:468][  0]LogMemory: Memory total: Physical=31.9GB (32GB approx)
[2022.04.19-09.44.51:468][  0]LogMemory: Platform Memory Stats for Windows
[2022.04.19-09.44.51:468][  0]LogMemory: Process Physical Memory: 144.07 MB used, 144.07 MB peak
[2022.04.19-09.44.51:468][  0]LogMemory: Process Virtual Memory: 114.45 MB used, 114.45 MB peak
[2022.04.19-09.44.51:468][  0]LogMemory: Physical Memory: 10258.95 MB used,  22408.71 MB free, 32667.66 MB total
[2022.04.19-09.44.51:468][  0]LogMemory: Virtual Memory: 134151592.00 MB used,  66133.18 MB free, 134217728.00 MB total
[2022.04.19-09.44.51:472][  0]LogWindows: WindowsPlatformFeatures enabled
[2022.04.19-09.44.51:489][  0]LogInit: Physics initialised using underlying interface: PhysX
[2022.04.19-09.44.51:489][  0]LogInit: Using OS detected language (en-US).
[2022.04.19-09.44.51:490][  0]LogInit: Using OS detected locale (en-US).
[2022.04.19-09.44.51:492][  0]LogTextLocalizationManager: No specific localization for 'en-US' exists, so the 'en' localization will be used.
[2022.04.19-09.44.51:667][  0]LogInit: Setting process to per monitor DPI aware
[2022.04.19-09.44.51:680][  0]LogWindowsTextInputMethodSystem: Display: IME system deactivated.
[2022.04.19-09.44.51:696][  0]LogSlate: New Slate User Created.  User Index 0, Is Virtual User: 0
[2022.04.19-09.44.51:696][  0]LogSlate: Slate User Registered.  User Index 0, Is Virtual User: 0
[2022.04.19-09.44.51:838][  0]LogD3D11RHI: Loaded GFSDK_Aftermath_Lib.x64.dll
[2022.04.19-09.44.51:842][  0]LogHMD: Failed to initialize OpenVR with code 110
[2022.04.19-09.44.51:842][  0]LogD3D11RHI: D3D11 min allowed feature level: 11_0
[2022.04.19-09.44.51:842][  0]LogD3D11RHI: D3D11 max allowed feature level: 11_0
[2022.04.19-09.44.51:842][  0]LogD3D11RHI: D3D11 adapters:
[2022.04.19-09.44.51:937][  0]LogD3D11RHI:    0. 'NVIDIA GeForce GTX 1060 6GB' (Feature Level 11_0)
[2022.04.19-09.44.51:937][  0]LogD3D11RHI:       6052/0/16333 MB DedicatedVideo/DedicatedSystem/SharedSystem, Outputs:1, VendorId:0x10de
[2022.04.19-09.44.51:970][  0]LogD3D11RHI:    1. 'Intel(R) HD Graphics 630' (Feature Level 11_0)
[2022.04.19-09.44.51:970][  0]LogD3D11RHI:       128/0/16333 MB DedicatedVideo/DedicatedSystem/SharedSystem, Outputs:0, VendorId:0x8086
[2022.04.19-09.44.51:971][  0]LogD3D11RHI:    2. 'Microsoft Basic Render Driver' (Feature Level 11_0)
[2022.04.19-09.44.51:971][  0]LogD3D11RHI:       0/0/16333 MB DedicatedVideo/DedicatedSystem/SharedSystem, Outputs:0, VendorId:0x1414
[2022.04.19-09.44.51:971][  0]LogD3D11RHI: Chosen D3D11 Adapter:
[2022.04.19-09.44.51:971][  0]LogD3D11RHI:     Description : NVIDIA GeForce GTX 1060 6GB
[2022.04.19-09.44.51:971][  0]LogD3D11RHI:     VendorId    : 10de
[2022.04.19-09.44.51:971][  0]LogD3D11RHI:     DeviceId    : 1c03
[2022.04.19-09.44.51:971][  0]LogD3D11RHI:     SubSysId    : 11d71028
[2022.04.19-09.44.51:971][  0]LogD3D11RHI:     Revision    : 00a1
[2022.04.19-09.44.51:971][  0]LogD3D11RHI:     DedicatedVideoMemory : 6345981952 bytes
[2022.04.19-09.44.51:971][  0]LogD3D11RHI:     DedicatedSystemMemory : 0 bytes
[2022.04.19-09.44.51:971][  0]LogD3D11RHI:     SharedSystemMemory : 17127264256 bytes
[2022.04.19-09.44.51:971][  0]LogD3D11RHI:     AdapterLuid : 0 73051
[2022.04.19-09.44.51:976][  0]LogD3D11RHI: Creating new Direct3DDevice
[2022.04.19-09.44.51:976][  0]LogD3D11RHI:     GPU DeviceId: 0x1c03 (for the marketing name, search the web for "GPU Device Id")
[2022.04.19-09.44.51:976][  0]LogWindows: EnumDisplayDevices:
[2022.04.19-09.44.51:977][  0]LogWindows:    0. 'NVIDIA GeForce GTX 1060 6GB' (P:0 D:0)
[2022.04.19-09.44.51:977][  0]LogWindows:    1. 'NVIDIA GeForce GTX 1060 6GB' (P:0 D:0)
[2022.04.19-09.44.51:977][  0]LogWindows:    2. 'NVIDIA GeForce GTX 1060 6GB' (P:0 D:0)
[2022.04.19-09.44.51:977][  0]LogWindows:    3. 'NVIDIA GeForce GTX 1060 6GB' (P:0 D:0)
[2022.04.19-09.44.51:977][  0]LogWindows:    4. 'Intel(R) HD Graphics 630' (P:1 D:1)
[2022.04.19-09.44.51:978][  0]LogWindows:    5. 'Intel(R) HD Graphics 630' (P:0 D:0)
[2022.04.19-09.44.51:978][  0]LogWindows:    6. 'Intel(R) HD Graphics 630' (P:0 D:0)
[2022.04.19-09.44.51:978][  0]LogWindows: DebugString: PrimaryIsNotTheChoosenAdapter PrimaryIsNotTheChoosenAdapter PrimaryIsNotTheChoosenAdapter FoundDriverCount:4 
[2022.04.19-09.44.51:978][  0]LogD3D11RHI:     Adapter Name: NVIDIA GeForce GTX 1060 6GB
[2022.04.19-09.44.51:978][  0]LogD3D11RHI:   Driver Version: 471.11 (internal:30.0.14.7111, unified:471.11)
[2022.04.19-09.44.51:978][  0]LogD3D11RHI:      Driver Date: 6-21-2021
[2022.04.19-09.44.51:978][  0]LogRHI: Texture pool is 4236 MB (70% of 6052 MB)
[2022.04.19-09.44.51:978][  0]LogD3D11RHI: Creating D3DDevice using adapter:
[2022.04.19-09.44.51:978][  0]LogD3D11RHI:     Description : NVIDIA GeForce GTX 1060 6GB
[2022.04.19-09.44.51:978][  0]LogD3D11RHI:     VendorId    : 10de
[2022.04.19-09.44.51:978][  0]LogD3D11RHI:     DeviceId    : 1c03
[2022.04.19-09.44.51:978][  0]LogD3D11RHI:     SubSysId    : 11d71028
[2022.04.19-09.44.51:978][  0]LogD3D11RHI:     Revision    : 00a1
[2022.04.19-09.44.51:978][  0]LogD3D11RHI:     DedicatedVideoMemory : 6345981952 bytes
[2022.04.19-09.44.51:978][  0]LogD3D11RHI:     DedicatedSystemMemory : 0 bytes
[2022.04.19-09.44.51:978][  0]LogD3D11RHI:     SharedSystemMemory : 17127264256 bytes
[2022.04.19-09.44.51:978][  0]LogD3D11RHI:     AdapterLuid : 0 73051
[2022.04.19-09.44.52:049][  0]LogD3D11RHI: RHI has support for 64 bit atomics
[2022.04.19-09.44.52:049][  0]LogD3D11RHI: Async texture creation enabled
[2022.04.19-09.44.52:049][  0]LogD3D11RHI: Array index from any shader is supported
[2022.04.19-09.44.52:065][  0]LogD3D11RHI: GPU Timing Frequency: 1000.000000 (Debug: 2 1)
[2022.04.19-09.44.52:101][  0]LogRHI: GeForceNow SDK initialized: 1
[2022.04.19-09.44.52:387][  0]LogTargetPlatformManager: Display: Loaded TargetPlatform 'AllDesktop'
[2022.04.19-09.44.52:403][  0]LogTargetPlatformManager: Display: Loaded TargetPlatform 'Android'
[2022.04.19-09.44.52:403][  0]LogTargetPlatformManager: Display: Loaded TargetPlatform 'Android_ASTC'
[2022.04.19-09.44.52:403][  0]LogTargetPlatformManager: Display: Loaded TargetPlatform 'Android_DXT'
[2022.04.19-09.44.52:403][  0]LogTargetPlatformManager: Display: Loaded TargetPlatform 'Android_ETC2'
[2022.04.19-09.44.52:403][  0]LogTargetPlatformManager: Display: Loaded TargetPlatform 'AndroidClient'
[2022.04.19-09.44.52:403][  0]LogTargetPlatformManager: Display: Loaded TargetPlatform 'Android_ASTCClient'
[2022.04.19-09.44.52:403][  0]LogTargetPlatformManager: Display: Loaded TargetPlatform 'Android_DXTClient'
[2022.04.19-09.44.52:403][  0]LogTargetPlatformManager: Display: Loaded TargetPlatform 'Android_ETC2Client'
[2022.04.19-09.44.52:403][  0]LogTargetPlatformManager: Display: Loaded TargetPlatform 'Android_Multi'
[2022.04.19-09.44.52:403][  0]LogTargetPlatformManager: Display: Loaded TargetPlatform 'Android_MultiClient'
[2022.04.19-09.44.52:418][  0]LogTargetPlatformManager: Display: Loaded TargetPlatform 'IOSClient'
[2022.04.19-09.44.52:418][  0]LogTargetPlatformManager: Display: Loaded TargetPlatform 'IOS'
[2022.04.19-09.44.52:427][  0]LogTargetPlatformManager: Display: Loaded TargetPlatform 'Linux'
[2022.04.19-09.44.52:431][  0]LogTargetPlatformManager: Display: Loaded TargetPlatform 'LinuxNoEditor'
[2022.04.19-09.44.52:435][  0]LogTargetPlatformManager: Display: Loaded TargetPlatform 'LinuxClient'
[2022.04.19-09.44.52:438][  0]LogTargetPlatformManager: Display: Loaded TargetPlatform 'LinuxServer'
[2022.04.19-09.44.52:445][  0]LogTargetPlatformManager: Display: Loaded TargetPlatform 'LinuxAArch64NoEditor'
[2022.04.19-09.44.52:449][  0]LogTargetPlatformManager: Display: Loaded TargetPlatform 'LinuxAArch64Client'
[2022.04.19-09.44.52:452][  0]LogTargetPlatformManager: Display: Loaded TargetPlatform 'LinuxAArch64Server'
[2022.04.19-09.44.52:472][  0]LogTargetPlatformManager: Display: Loaded TargetPlatform 'Lumin'
[2022.04.19-09.44.52:472][  0]LogTargetPlatformManager: Display: Loaded TargetPlatform 'LuminClient'
[2022.04.19-09.44.52:479][  0]LogTargetPlatformManager: Display: Loaded TargetPlatform 'MacNoEditor'
[2022.04.19-09.44.52:482][  0]LogTargetPlatformManager: Display: Loaded TargetPlatform 'Mac'
[2022.04.19-09.44.52:486][  0]LogTargetPlatformManager: Display: Loaded TargetPlatform 'MacClient'
[2022.04.19-09.44.52:490][  0]LogTargetPlatformManager: Display: Loaded TargetPlatform 'MacServer'
[2022.04.19-09.44.52:498][  0]LogTargetPlatformManager: Display: Loaded TargetPlatform 'TVOSClient'
[2022.04.19-09.44.52:498][  0]LogTargetPlatformManager: Display: Loaded TargetPlatform 'TVOS'
[2022.04.19-09.44.52:505][  0]LogTargetPlatformManager: Display: Loaded TargetPlatform 'WindowsNoEditor'
[2022.04.19-09.44.52:509][  0]LogTargetPlatformManager: Display: Loaded TargetPlatform 'Windows'
[2022.04.19-09.44.52:512][  0]LogTargetPlatformManager: Display: Loaded TargetPlatform 'WindowsClient'
[2022.04.19-09.44.52:516][  0]LogTargetPlatformManager: Display: Loaded TargetPlatform 'WindowsServer'
[2022.04.19-09.44.52:516][  0]LogTargetPlatformManager: Display: Building Assets For Windows
[2022.04.19-09.44.52:521][  0]LogAudioDebug: Display: Lib vorbis DLL was dynamically loaded.
[2022.04.19-09.44.52:547][  0]LogTextureFormatOodle: Display: Oodle Texture 2.9.0 init RDO Off
[2022.04.19-09.44.52:570][  0]LogRendererCore: Ray tracing is disabled. Reason: r.RayTracing=0.
[2022.04.19-09.44.52:571][  0]LogShaderCompilers: Guid format shader working directory is 24 characters bigger than the processId version (E:/TD4/PFE/InfernalDrive/Intermediate/Shaders/WorkingDirectory/16508/).
[2022.04.19-09.44.52:571][  0]LogShaderCompilers: Cleaned the shader compiler working directory 'C:/Users/etudiant/AppData/Local/Temp/UnrealShaderWorkingDir/3A7BD22C45D32971112660903B684FFB/'.
[2022.04.19-09.44.52:571][  0]LogXGEController: Cannot use XGE Controller as Incredibuild is not installed on this machine.
[2022.04.19-09.44.52:571][  0]LogShaderCompilers: Cannot use XGE Shader Compiler as Incredibuild is not installed on this machine.
[2022.04.19-09.44.52:571][  0]LogShaderCompilers: Display: Using Local Shader Compiler.
[2022.04.19-09.44.53:245][  0]LogDerivedDataCache: Display: Max Cache Size: 512 MB
[2022.04.19-09.44.53:294][  0]LogDerivedDataCache: Loaded boot cache 0.05s 94MB C:/Users/etudiant/AppData/Local/UnrealEngine/4.27/DerivedDataCache/Boot.ddc.
[2022.04.19-09.44.53:294][  0]LogDerivedDataCache: Display: Loaded Boot cache: C:/Users/etudiant/AppData/Local/UnrealEngine/4.27/DerivedDataCache/Boot.ddc
[2022.04.19-09.44.53:295][  0]LogDerivedDataCache: FDerivedDataBackendGraph:  Pak pak cache file E:/TD4/PFE/InfernalDrive/DerivedDataCache/DDC.ddp not found, will not use a pak cache.
[2022.04.19-09.44.53:295][  0]LogDerivedDataCache: Unable to find inner node Pak for hierarchical cache Hierarchy.
[2022.04.19-09.44.53:295][  0]LogDerivedDataCache: FDerivedDataBackendGraph:  CompressedPak pak cache file E:/TD4/PFE/InfernalDrive/DerivedDataCache/Compressed.ddp not found, will not use a pak cache.
[2022.04.19-09.44.53:295][  0]LogDerivedDataCache: Unable to find inner node CompressedPak for hierarchical cache Hierarchy.
[2022.04.19-09.44.53:310][  0]LogDerivedDataCache: Display: Pak cache opened for reading ../../../Engine/DerivedDataCache/Compressed.ddp.
[2022.04.19-09.44.53:310][  0]LogDerivedDataCache: FDerivedDataBackendGraph:  EnterprisePak pak cache file ../../../Enterprise/DerivedDataCache/Compressed.ddp not found, will not use a pak cache.
[2022.04.19-09.44.53:310][  0]LogDerivedDataCache: Unable to find inner node EnterprisePak for hierarchical cache Hierarchy.
[2022.04.19-09.44.53:317][  0]LogDerivedDataCache: Speed tests for C:/Users/etudiant/AppData/Local/UnrealEngine/Common/DerivedDataCache took 0.01 seconds
[2022.04.19-09.44.53:317][  0]LogDerivedDataCache: Display: Performance to C:/Users/etudiant/AppData/Local/UnrealEngine/Common/DerivedDataCache: Latency=0.02ms. RandomReadSpeed=1504.11MBs, RandomWriteSpeed=162.66MBs. Assigned SpeedClass 'Local'
[2022.04.19-09.44.53:321][  0]LogDerivedDataCache: Using Local data cache path C:/Users/etudiant/AppData/Local/UnrealEngine/Common/DerivedDataCache: Writable
[2022.04.19-09.44.53:321][  0]LogDerivedDataCache: Shared data cache path not found in *engine.ini, will not use an Shared cache.
[2022.04.19-09.44.53:321][  0]LogDerivedDataCache: Unable to find inner node Shared for hierarchical cache Hierarchy.
[2022.04.19-09.44.53:371][  0]LogSlate: Using FreeType 2.10.0
[2022.04.19-09.44.53:372][  0]LogSlate: SlateFontServices - WITH_FREETYPE: 1, WITH_HARFBUZZ: 1
[2022.04.19-09.44.53:397][  0]LogAssetRegistry: FAssetRegistry took 0.0027 seconds to start up
[2022.04.19-09.44.53:633][  0]LogInit: Selected Device Profile: [Windows]
[2022.04.19-09.44.53:633][  0]LogInit: Active device profile: [000001BC4DBA6E00][000001BC4D34A440 49] Windows
[2022.04.19-09.44.53:633][  0]LogInit: Profiles: [000001BC4DBA6E00][000001BC4D34A440 49] Windows, [000001BC4DB30100][000001BC45730580 49] WindowsNoEditor, [000001BC4DB14500][000001BC4BF386C0 49] WindowsServer, [000001BC4DB30700][000001BC4BF0C800 49] WindowsClient, [000001BC4DB17D00][000001BC4447E940 49] IOS, [000001BC4DB33D00][000001BC4E75CAC0 49] iPadAir, [000001BC4DB14400][000001BC4D14AC40 49] iPadAir2, [000001BC4DADD300][000001BC4D152F00 49] IPadPro, [000001BC4DADD400][000001BC4D14EF40 49] iPadAir3, [000001BC4DB17E00][000001BC4D1570C0 49] iPadAir4, [000001BC4DADC600][000001BC4D15B240 49] iPadMini2, [000001BC4DB14100][000001BC4D32D3C0 49] iPadMini3, [000001BC4DADD700][000001BC4D331540 49] iPadMini4, [000001BC4DB17B00][000001BC4D3356C0 49] iPadMini5, [000001BC4DB31400][000001BC4D33D980 49] iPhone6, [000001BC4DB31500][000001BC4D3399C0 49] iPodTouch6, [000001BC4DADFC00][000001BC4D344100 49] iPhone7, [000001BC4DADFB00][000001BC4D340140 49] iPodTouch7, [000001BC4DB30900][000001BC4445A2C0 49] iPhone5S, [000001BC4DADCB00][000001BC4445E440 49] iPhone6Plus, [000001BC4DB31900][000001BC444625C0 49] iPhone6S, [000001BC4DADF900][000001BC44466740 49] iPhone6SPlus, [000001BC4DB30C00][000001BC4447A880 49] iPhone7Plus, [000001BC4DADCE00][000001BC4446A9C0 49] iPhoneSE, [000001BC4DB31B00][000001BC4446EB00 49] iPhone8, [000001BC4DADF700][000001BC44476C80 49] iPhone8Plus, [000001BC4DB30300][000001BC4D0BCE00 49] iPhoneX, [000001BC4DADC200][000001BC4D0C0F80 49] iPhoneXS, [000001BC4DB31F00][000001BC4D0C5100 49] iPhoneXSMax, [000001BC4DADF200][000001BC4D0C9280 49] iPhoneXR, [000001BC4DB33A00][000001BC4D0CD400 49] iPhone11, [000001BC4DADDA00][000001BC4D0D1580 49] iPhone11Pro, [000001BC4DB32300][000001BC4D0D5700 49] iPhone11ProMax, [000001BC4DADEE00][000001BC4D0D9880 49] iPhoneSE2, [000001BC4DB33C00][000001BC4D0DDA00 49] iPhone12Mini, [000001BC4DADDB00][000001BC4D0E1B80 49] iPhone12, [000001BC4DB32700][000001BC4D0E4180 49] iPhone12Pro, [000001BC4DADC400][000001BC4D0E8300 49] iPhone12ProMax, [000001BC4DB31C00][000001BC4D0EC480 49] iPadPro105, [000001BC4DADE000][000001BC4D0F0600 49] iPadPro129, [000001BC4DB31000][000001BC4D0F4780 49] iPadPro97, [000001BC4DADD000][000001BC4D0F8900 49] iPadPro2_129, [000001BC4DB32E00][000001BC44472A40 49] iPad5, [000001BC4DADFD00][000001BC4D0FCB80 49] iPad6, [000001BC4DB31200][000001BC4D100CC0 49] iPad7, [000001BC4DADC800][000001BC4D108E40 49] iPad8, [000001BC4DB32C00][000001BC4D10CFC0 49] iPadPro11, [000001BC4DADE300][000001BC4D111140 49] iPadPro2_11, [000001BC4DB32A00][000001BC4D1152C0 49] iPadPro3_129, [000001BC4DADE700][000001BC4D119440 49] iPadPro4_129, [000001BC4DB33000][000001BC4D11D5C0 49] AppleTV, [000001BC4DADE600][000001BC4D121740 49] AppleTV4K, [000001BC4DB31700][000001BC4D1258C0 49] TVOS, [000001BC4DADF500][000001BC4D129A40 49] Mac, [000001BC4DB32800][000001BC4CFE3BC0 49] MacClient, [000001BC4DADEF00][000001BC4CFE61C0 49] MacNoEditor, [000001BC4DB30E00][000001BC4CFEA340 49] MacServer, [000001BC4DADD100][000001BC4CFEE4C0 49] Linux, [000001BC4DB31800][000001BC4CFF2640 49] LinuxAArch64, [000001BC4DADFA00][000001BC4CFF67C0 49] LinuxNoEditor, [000001BC4DB30800][000001BC4CFFA940 49] LinuxAArch64NoEditor, [000001BC4DADFE00][000001BC4CFFEAC0 49] LinuxClient, [000001BC4DB32D00][000001BC4D104C00 49] LinuxAArch64Client, [000001BC4DADDD00][000001BC4D002D40 49] LinuxServer, [000001BC4DB32000][000001BC4D006E80 49] LinuxAArch64Server, [000001BC4DADEA00][000001BC4D00AFC0 49] Android, [000001BC4DB33300][000001BC4D013140 49] Android_Low, [000001BC4DADE500][000001BC4D0172C0 49] Android_Mid, [000001BC4DB33900][000001BC4D01B440 49] Android_High, [000001BC4DADF000][000001BC4D01F5C0 49] Android_Default, [000001BC4DB30D00][000001BC4D023740 49] Android_Adreno4xx, [000001BC4DB14600][000001BC4D0278C0 49] Android_Adreno5xx_Low, [000001BC4DBA6500][000001BC4D02BA40 49] Android_Adreno5xx, [000001BC4DB16600][000001BC4D02FBC0 49] Android_Adreno6xx, [000001BC4DBA5400][000001BC4D0321C0 49] Android_Adreno6xx_Vulkan, [000001BC4DB17600][000001BC4D036340 49] Android_Mali_T6xx, [000001BC4DBA4100][000001BC4D03A4C0 49] Android_Mali_T7xx, [000001BC4DB16C00][000001BC4D03E640 49] Android_Mali_T8xx, [000001BC4DBA6600][000001BC4D0427C0 49] Android_Mali_G71, [000001BC4DB15A00][000001BC4D046940 49] Android_Mali_G72, [000001BC4DBA4A00][000001BC4D04AAC0 49] Android_Mali_G72_Vulkan, [000001BC4DB16B00][000001BC4D04EC40 49] Android_Mali_G76, [000001BC4DBA5D00][000001BC4D00ED80 49] Android_Mali_G76_Vulkan, [000001BC4DB14A00][000001BC4D052EC0 49] Android_Mali_G77, [000001BC4DBA4D00][000001BC4D057000 49] Android_Mali_G77_Vulkan, [000001BC4DB14200][000001BC4BDE7140 49] Android_Mali_G78, [000001BC4DBA5E00][000001BC4BDEF2C0 49] Android_Mali_G78_Vulkan, [000001BC4DB15000][000001BC4BDF3440 49] Android_Mali_G710, [000001BC4DBA6900][000001BC4BDF75C0 49] Android_Mali_G710_Vulkan, [000001BC4DB15D00][000001BC4BDFB740 49] Android_Vulkan_SM5, [000001BC4DBA4300][000001BC4BDFF8C0 49] Android_PowerVR_G6xxx, [000001BC4DB15B00][000001BC4BE03A40 49] Android_PowerVR_GT7xxx, [000001BC4DBA5900][000001BC4BE07BC0 49] Android_PowerVR_GE8xxx, [000001BC4DB14C00][000001BC4BE0A1C0 49] Android_PowerVR_GM9xxx, [000001BC4DBA5B00][000001BC4BE0E340 49] Android_PowerVR_GM9xxx_Vulkan, [000001BC4DB33F00][000001BC4BE124C0 49] Android_TegraK1, [000001BC4DBA6A00][000001BC4BE16640 49] Android_Unknown_Vulkan, [000001BC4DB32B00][000001BC4BE1A7C0 49] Lumin, [000001BC4DBA5200][000001BC4BE1E940 49] Lumin_Desktop, [000001BC4DB32200][000001BC4BE22AC0 49] HoloLens, 
[2022.04.19-09.44.53:741][  0]LogMeshReduction: Using QuadricMeshReduction for automatic static mesh reduction
[2022.04.19-09.44.53:741][  0]LogMeshReduction: Using SimplygonMeshReduction for automatic skeletal mesh reduction
[2022.04.19-09.44.53:741][  0]LogMeshReduction: Using ProxyLODMeshReduction for automatic mesh merging
[2022.04.19-09.44.53:741][  0]LogMeshReduction: No distributed automatic mesh merging module available
[2022.04.19-09.44.53:741][  0]LogMeshMerging: No distributed automatic mesh merging module available
[2022.04.19-09.44.53:754][  0]LogNetVersion: InfernalDrive 1.0.0, NetCL: 17155196, EngineNetVer: 17, GameNetVer: 0 (Checksum: 4018112945)
[2022.04.19-09.44.54:108][  0]LogTexture: Default maximum texture size for cubemaps generated from long-lat sources has been changed from 512 to unlimited. In order to preserve old behaiour for '/Engine/MapTemplates/Sky/DaylightAmbientCubemap.DaylightAmbientCubemap', its maximum texture size has been explicitly set to 512.
[2022.04.19-09.44.54:158][  0]LogHMD: PokeAHoleMaterial loaded successfully
[2022.04.19-09.44.54:163][  0]LogUObjectArray: 17178 objects as part of root set at end of initial load.
[2022.04.19-09.44.54:163][  0]LogUObjectAllocator: 4302048 out of 0 bytes used by permanent object pool.
[2022.04.19-09.44.54:163][  0]LogUObjectArray: CloseDisregardForGC: 0/0 objects in disregard for GC pool
[2022.04.19-09.44.54:406][  0]LogNiagaraDebuggerClient: Niagara Debugger Client Initialized | Session: B3C8D4AC40794523A7F0CFBF5114B79C | Instance: B6CE065B40D13409B33B028CAB8861A3 (md8-2017-015-16508).
[2022.04.19-09.44.54:501][  0]LogPython: Using Python 3.7.7
[2022.04.19-09.44.54:957][  0]LogTcpMessaging: Initializing TcpMessaging bridge
[2022.04.19-09.44.54:963][  0]LogUdpMessaging: Initializing bridge on interface 0.0.0.0:0 to multicast group 230.0.0.1:6666.
[2022.04.19-09.44.55:308][  0]LogOpenImageDenoise: OIDN starting up
[2022.04.19-09.44.55:334][  0]LogAndroidPermission: UAndroidPermissionCallbackProxy::GetInstance
[2022.04.19-09.44.55:345][  0]LogAudioCaptureCore: Display: No Audio Capture implementations found. Audio input will be silent.
[2022.04.19-09.44.55:345][  0]LogAudioCaptureCore: Display: No Audio Capture implementations found. Audio input will be silent.
[2022.04.19-09.44.55:451][  0]SourceControl: Source control is disabled
[2022.04.19-09.44.55:451][  0]SourceControl: Source control is disabled
[2022.04.19-09.44.55:453][  0]SourceControl: Source control is disabled
[2022.04.19-09.44.55:459][  0]SourceControl: Source control is disabled
[2022.04.19-09.44.55:461][  0]SourceControl: Source control is disabled
[2022.04.19-09.44.55:466][  0]LogUProjectInfo: Found projects:
[2022.04.19-09.44.55:478][  0]LogCollectionManager: Loaded 0 collections in 0.001531 seconds
[2022.04.19-09.44.55:501][  0]LogFileCache: Scanning file cache for directory 'E:/TD4/PFE/InfernalDrive/Saved/Collections/' took 0.00s
[2022.04.19-09.44.55:501][  0]LogFileCache: Scanning file cache for directory 'E:/TD4/PFE/InfernalDrive/Content/Developers/etudiant/Collections/' took 0.00s
[2022.04.19-09.44.55:501][  0]LogFileCache: Scanning file cache for directory 'E:/TD4/PFE/InfernalDrive/Content/Collections/' took 0.00s
[2022.04.19-09.44.55:501][  0]LogOcInput: OculusInput pre-init called
[2022.04.19-09.44.56:004][  0]LogClass: Display: IntProperty FRegisteredDeviceInfo::Handle is not initialized properly. Module:RawInput File:Public/RawInputFunctionLibrary.h
[2022.04.19-09.44.56:004][  0]LogClass: Display: IntProperty FRegisteredDeviceInfo::VendorID is not initialized properly. Module:RawInput File:Public/RawInputFunctionLibrary.h
[2022.04.19-09.44.56:004][  0]LogClass: Display: IntProperty FRegisteredDeviceInfo::ProductID is not initialized properly. Module:RawInput File:Public/RawInputFunctionLibrary.h
[2022.04.19-09.44.56:005][  0]LogClass: Display: Int8Property FMTSJson::version is not initialized properly. Module:MegascansPlugin File:Private/Utilities/MTSReader.h
[2022.04.19-09.44.56:005][  0]LogClass: Display: Int16Property FMTSJson::resolutionValue is not initialized properly. Module:MegascansPlugin File:Private/Utilities/MTSReader.h
[2022.04.19-09.44.56:005][  0]LogClass: Display: BoolProperty FMTSJson::isExternal is not initialized properly. Module:MegascansPlugin File:Private/Utilities/MTSReader.h
[2022.04.19-09.44.56:005][  0]LogClass: Display: Int8Property FMTSJson::meshVersion is not initialized properly. Module:MegascansPlugin File:Private/Utilities/MTSReader.h
[2022.04.19-09.44.56:005][  0]LogClass: Display: BoolProperty FMTSJson::isCustom is not initialized properly. Module:MegascansPlugin File:Private/Utilities/MTSReader.h
[2022.04.19-09.44.56:005][  0]LogClass: Display: BoolProperty FMTSJson::isModularAsset is not initialized properly. Module:MegascansPlugin File:Private/Utilities/MTSReader.h
[2022.04.19-09.44.56:005][  0]LogClass: Display: Int8Property FLodList::variation is not initialized properly. Module:MegascansPlugin File:Private/Utilities/MTSReader.h
[2022.04.19-09.44.56:005][  0]LogClass: Display: Int16Property FMeshList::resolution is not initialized properly. Module:MegascansPlugin File:Private/Utilities/MTSReader.h
[2022.04.19-09.44.56:005][  0]LogClass: Display: Int16Property FComponents::resolution is not initialized properly. Module:MegascansPlugin File:Private/Utilities/MTSReader.h
[2022.04.19-09.44.56:005][  0]LogClass: Display: BoolProperty FTextureSets::isUdim is not initialized properly. Module:MegascansPlugin File:Private/Utilities/MTSReader.h
[2022.04.19-09.44.56:005][  0]LogClass: Display: BoolProperty FMeta::value is not initialized properly. Module:MegascansPlugin File:Private/Utilities/MTSReader.h
[2022.04.19-09.44.56:005][  0]LogClass: Display: 14 Uninitialized script struct members found including 0 object properties
[2022.04.19-09.44.56:006][  0]LogEngine: Initializing Engine...
[2022.04.19-09.44.56:007][  0]LogHMD: Failed to enumerate extensions. Please check that you have a valid OpenXR runtime installed.
[2022.04.19-09.44.56:008][  0]LogHMD: Failed to initialize OpenVR with code 110
[2022.04.19-09.44.56:008][  0]LogMagicLeap: Warning: VR disabled because ZI is not enabled.  To enable, in the editor, Edit -> Project Settings -> Plugins -> Magic Leap Plugin -> Enable Zero Iteration
[2022.04.19-09.44.56:008][  0]LogStats: UGameplayTagsManager::InitializeManager -  0.000 s
[2022.04.19-09.44.56:107][  0]LogInit: Initializing FReadOnlyCVARCache
[2022.04.19-09.44.56:114][  0]LogAIModule: Creating AISystem for world Untitled
[2022.04.19-09.44.56:126][  0]LogAudio: Display: Initializing Audio Device Manager...
[2022.04.19-09.44.56:129][  0]LogAudio: Display: Loading Default Audio Settings Objects...
[2022.04.19-09.44.56:129][  0]LogAudio: Display: No default SoundConcurrencyObject specified (or failed to load).
[2022.04.19-09.44.56:130][  0]LogAudio: Display: Audio Device Manager Initialized
[2022.04.19-09.44.56:130][  0]LogAudio: Display: Creating Audio Device:                 Id: 1, Scope: Shared, Realtime: True
[2022.04.19-09.44.56:130][  0]LogAudioMixer: Display: Audio Mixer Platform Settings:
[2022.04.19-09.44.56:130][  0]LogAudioMixer: Display: 	Sample Rate:						  48000
[2022.04.19-09.44.56:130][  0]LogAudioMixer: Display: 	Callback Buffer Frame Size Requested: 1024
[2022.04.19-09.44.56:130][  0]LogAudioMixer: Display: 	Callback Buffer Frame Size To Use:	  1024
[2022.04.19-09.44.56:130][  0]LogAudioMixer: Display: 	Number of buffers to queue:			  2
[2022.04.19-09.44.56:130][  0]LogAudioMixer: Display: 	Max Channels (voices):				  32
[2022.04.19-09.44.56:130][  0]LogAudioMixer: Display: 	Number of Async Source Workers:		  0
[2022.04.19-09.44.56:130][  0]LogAudio: Display: AudioDevice MaxSources: 32
[2022.04.19-09.44.56:130][  0]LogAudio: Display: Audio Spatialization Plugin: None (built-in).
[2022.04.19-09.44.56:130][  0]LogAudio: Display: Audio Reverb Plugin: None (built-in).
[2022.04.19-09.44.56:130][  0]LogAudio: Display: Audio Occlusion Plugin: None (built-in).
[2022.04.19-09.44.56:130][  0]LogAudioMixer: Display: Initializing audio mixer.
[2022.04.19-09.44.56:154][  0]LogAudioMixer: Display: Using Audio Device Unknown
[2022.04.19-09.44.56:155][  0]LogAudioMixer: Display: Initializing Sound Submixes...
[2022.04.19-09.44.56:157][  0]LogAudioMixer: Display: Creating Master Submix 'MasterSubmixDefault'
[2022.04.19-09.44.56:157][  0]LogAudioMixer: Display: Creating Master Submix 'MasterReverbSubmixDefault'
[2022.04.19-09.44.56:158][  0]LogAudioMixer: Display: Creating Master Submix 'MasterEQSubmixDefault'
[2022.04.19-09.44.56:158][  0]LogAudioMixer: FMixerPlatformXAudio2::StartAudioStream() called
[2022.04.19-09.44.56:158][  0]LogAudioMixer: Display: Output buffers initialized: Frames=1024, Channels=2, Samples=2048
[2022.04.19-09.44.56:159][  0]LogAudioMixer: Display: Starting AudioMixerPlatformInterface::RunInternal()
[2022.04.19-09.44.56:159][  0]LogAudioMixer: Display: StartRunningNullDevice() called
[2022.04.19-09.44.56:160][  0]LogInit: FAudioDevice initialized.
[2022.04.19-09.44.56:160][  0]LogAudio: Display: Audio Device (ID: 1) registered with world 'Untitled'.
[2022.04.19-09.44.56:160][  0]LogNetVersion: Set ProjectVersion to 1.0.0.0. Version Checksum will be recalculated on next use.
[2022.04.19-09.44.56:212][  0]LogDerivedDataCache: Saved boot cache 0.05s 94MB C:/Users/etudiant/AppData/Local/UnrealEngine/4.27/DerivedDataCache/Boot.ddc.
[2022.04.19-09.44.56:214][  0]LogInit: Texture streaming: Enabled
[2022.04.19-09.44.56:224][  0]LogAnalytics: Display: [UEEditor.Rocket.Release] APIServer = https://datarouter.ol.epicgames.com/. AppVersion = 4.27.2-18319896+++UE4+Release-4.27
[2022.04.19-09.44.56:227][  0]LogEngineSessionManager: EngineSessionManager initialized
[2022.04.19-09.44.56:227][  0]LogEditorSessionSummary: Verbose: Initializing EditorSessionSummaryWriter for editor session tracking
[2022.04.19-09.44.56:228][  0]LogEditorSessionSummary: EditorSessionSummaryWriter initialized
[2022.04.19-09.44.56:249][  0]LogInit: Transaction tracking system initialized
[2022.04.19-09.44.56:265][  0]BlueprintLog: New page: Editor Load
[2022.04.19-09.44.56:332][  0]LocalizationService: Localization service is disabled
[2022.04.19-09.44.56:351][  0]TimingProfiler: Initialize
[2022.04.19-09.44.56:351][  0]TimingProfiler: OnSessionChanged
[2022.04.19-09.44.56:351][  0]LoadingProfiler: Initialize
[2022.04.19-09.44.56:351][  0]LoadingProfiler: OnSessionChanged
[2022.04.19-09.44.56:351][  0]NetworkingProfiler: Initialize
[2022.04.19-09.44.56:351][  0]NetworkingProfiler: OnSessionChanged
[2022.04.19-09.44.56:351][  0]MemoryProfiler: Initialize
[2022.04.19-09.44.56:351][  0]MemoryProfiler: OnSessionChanged
[2022.04.19-09.44.56:472][  0]LogCook: Display: CookSettings for Memory: MemoryMaxUsedVirtual 0MiB, MemoryMaxUsedPhysical 16384MiB, MemoryMinFreeVirtual 0MiB, MemoryMinFreePhysical 1024MiB
[2022.04.19-09.44.56:472][  0]LogCook: Display: Mobile HDR setting 1
[2022.04.19-09.44.56:480][  0]LogFileCache: Scanning file cache for directory 'E:/TD4/PFE/InfernalDrive/Content/' took 0.00s
[2022.04.19-09.44.56:815][  0]LogInit: Display: Engine is initialized. Leaving FEngineLoop::Init()
[2022.04.19-09.44.56:817][  0]SourceControl: Source control is disabled
[2022.04.19-09.44.56:817][  0]LogUnrealEdMisc: Loading editor; pre map load, took 6.374
[2022.04.19-09.44.56:817][  0]Cmd: MAP LOAD FILE="E:/TD4/PFE/InfernalDrive/Content/VehicleAdvBP/Maps/VehicleAdvExampleMap.umap" TEMPLATE=0 SHOWPROGRESS=1 FEATURELEVEL=3
[2022.04.19-09.44.56:818][  0]LightingResults: New page: Lighting Build
[2022.04.19-09.44.56:843][  0]LogWorld: UWorld::CleanupWorld for Untitled, bSessionEnded=true, bCleanupResources=true
[2022.04.19-09.44.56:843][  0]LogSlate: InvalidateAllWidgets triggered.  All widgets were invalidated
[2022.04.19-09.44.56:844][  0]MapCheck: New page: Map Check
[2022.04.19-09.44.56:844][  0]LightingResults: New page: Lighting Build
[2022.04.19-09.44.56:853][  0]LogAudio: Display: Audio Device unregistered from world 'None'.
[2022.04.19-09.44.56:859][  0]LogUObjectHash: Compacting FUObjectHashTables data took   1.99ms
[2022.04.19-09.44.56:978][  0]LogBlueprint: Warning: [AssetLog] E:\TD4\PFE\InfernalDrive\Content\VehicleAdvBP\Blueprints\AI\WanderingSoul.uasset: [Compiler] Could not find a variable named "Score" in 'VehicleBlueprint_C'.
Make sure 'VehicleBlueprint_C' has been compiled for  Set Score
[2022.04.19-09.44.56:978][  0]LogBlueprint: Warning: [AssetLog] E:\TD4\PFE\InfernalDrive\Content\VehicleAdvBP\Blueprints\AI\WanderingSoul.uasset: [Compiler] Could not find a variable named "Score" in 'VehicleBlueprint_C'.
Make sure 'VehicleBlueprint_C' has been compiled for  Get Score
[2022.04.19-09.44.56:979][  0]LogBlueprint: Error: [AssetLog] E:\TD4\PFE\InfernalDrive\Content\VehicleAdvBP\Blueprints\AI\WanderingSoul.uasset: [Compiler] The property associated with  Score  could not be found in '/Game/VehicleAdvBP/Blueprints/AI/WanderingSoul.WanderingSoul_C'
[2022.04.19-09.44.56:979][  0]LogBlueprint: Error: [AssetLog] E:\TD4\PFE\InfernalDrive\Content\VehicleAdvBP\Blueprints\AI\WanderingSoul.uasset: [Compiler] The property associated with  Score  could not be found in '/Game/VehicleAdvBP/Blueprints/AI/WanderingSoul.WanderingSoul_C'
[2022.04.19-09.44.57:153][  0]LogSkeletalMesh: Display: [AssetLog] E:\TD4\PFE\InfernalDrive\Content\VehicleAdv\Vehicle\Vehicle_SkelMesh.uasset: Find and fix some bad tangent! please re-import this skeletal mesh asset to fix the issue. The shading of the skeletal mesh will be bad and faceted.
[2022.04.19-09.44.57:171][  0]LogAudio: Display: Audio Device (ID: 1) registered with world 'VehicleAdvExampleMap'.
[2022.04.19-09.44.57:172][  0]LogAIModule: Creating AISystem for world VehicleAdvExampleMap
[2022.04.19-09.44.57:188][  0]LogEditorServer: Finished looking for orphan Actors (0.000 secs)
[2022.04.19-09.44.57:209][  0]LogUObjectHash: Compacting FUObjectHashTables data took   0.91ms
[2022.04.19-09.44.57:209][  0]Cmd: MAP CHECKDEP NOCLEARLOG
[2022.04.19-09.44.57:209][  0]MapCheck: Map check complete: 0 Error(s), 0 Warning(s), took 0.098ms to complete.
[2022.04.19-09.44.57:209][  0]LogFileHelpers: Loading map 'VehicleAdvExampleMap' took 0.391
[2022.04.19-09.44.57:211][  0]LogUnrealEdMisc: Total Editor Startup Time, took 6.767
[2022.04.19-09.44.57:319][  0]LogSlate: Updating window title bar state: overlay mode, drag disabled, window buttons hidden, title bar hidden
[2022.04.19-09.44.57:325][  0]LogSlate: Updating window title bar state: overlay mode, drag disabled, window buttons hidden, title bar hidden
[2022.04.19-09.44.57:331][  0]LogSlate: Updating window title bar state: overlay mode, drag disabled, window buttons hidden, title bar hidden
[2022.04.19-09.44.57:337][  0]LogSlate: Updating window title bar state: overlay mode, drag disabled, window buttons hidden, title bar hidden
[2022.04.19-09.44.57:349][  0]LogNativeClassHierarchy: Verbose: Native class hierarchy populated in 0.0090 seconds. Added 3835 classes and 938 folders.
[2022.04.19-09.44.57:351][  0]LogNativeClassHierarchy: Verbose: Native class hierarchy updated for 'WidgetCarousel' in 0.0002 seconds. Added 0 classes and 0 folders.
[2022.04.19-09.44.57:352][  0]LogPakFile: PakFile PrimaryIndexSize=187
[2022.04.19-09.44.57:352][  0]LogPakFile: PakFile PathHashIndexSize=101
[2022.04.19-09.44.57:352][  0]LogPakFile: PakFile FullDirectoryIndexSize=148
[2022.04.19-09.44.57:352][  0]LogShaderLibrary: Display: ShaderCodeLibraryPakFileMountedCallback: PakFile 'C:/Unreal/UE_4.27/FeaturePacks/FP_FirstPerson.upack' (chunk index -1, root 'root:/') mounted
[2022.04.19-09.44.57:352][  0]LogShaderLibrary: Display: ShaderCodeLibraryPakFileMountedCallback: pending pak file info (ChunkID:-1 Root:root:/ File:C:/Unreal/UE_4.27/FeaturePacks/FP_FirstPerson.upack)
[2022.04.19-09.44.57:352][  0]LogPakFile: OnPakFileMounted2Time == 0.000050
[2022.04.19-09.44.57:353][  0]LogPakFile: PakFile PrimaryIndexSize=189
[2022.04.19-09.44.57:353][  0]LogPakFile: PakFile PathHashIndexSize=101
[2022.04.19-09.44.57:353][  0]LogPakFile: PakFile FullDirectoryIndexSize=152
[2022.04.19-09.44.57:353][  0]LogShaderLibrary: Display: ShaderCodeLibraryPakFileMountedCallback: PakFile 'C:/Unreal/UE_4.27/FeaturePacks/FP_FirstPersonBP.upack' (chunk index -1, root 'root:/') mounted
[2022.04.19-09.44.57:353][  0]LogShaderLibrary: Display: ShaderCodeLibraryPakFileMountedCallback: pending pak file info (ChunkID:-1 Root:root:/ File:C:/Unreal/UE_4.27/FeaturePacks/FP_FirstPersonBP.upack)
[2022.04.19-09.44.57:353][  0]LogPakFile: OnPakFileMounted2Time == 0.000037
[2022.04.19-09.44.57:353][  0]LogPakFile: PakFile PrimaryIndexSize=191
[2022.04.19-09.44.57:353][  0]LogPakFile: PakFile PathHashIndexSize=101
[2022.04.19-09.44.57:353][  0]LogPakFile: PakFile FullDirectoryIndexSize=160
[2022.04.19-09.44.57:353][  0]LogShaderLibrary: Display: ShaderCodeLibraryPakFileMountedCallback: PakFile 'C:/Unreal/UE_4.27/FeaturePacks/MobileStarterContent.upack' (chunk index -1, root 'root:/') mounted
[2022.04.19-09.44.57:354][  0]LogShaderLibrary: Display: ShaderCodeLibraryPakFileMountedCallback: pending pak file info (ChunkID:-1 Root:root:/ File:C:/Unreal/UE_4.27/FeaturePacks/MobileStarterContent.upack)
[2022.04.19-09.44.57:354][  0]LogPakFile: OnPakFileMounted2Time == 0.000038
[2022.04.19-09.44.57:354][  0]LogPakFile: PakFile PrimaryIndexSize=185
[2022.04.19-09.44.57:354][  0]LogPakFile: PakFile PathHashIndexSize=101
[2022.04.19-09.44.57:354][  0]LogPakFile: PakFile FullDirectoryIndexSize=148
[2022.04.19-09.44.57:354][  0]LogShaderLibrary: Display: ShaderCodeLibraryPakFileMountedCallback: PakFile 'C:/Unreal/UE_4.27/FeaturePacks/StarterContent.upack' (chunk index -1, root 'root:/') mounted
[2022.04.19-09.44.57:354][  0]LogShaderLibrary: Display: ShaderCodeLibraryPakFileMountedCallback: pending pak file info (ChunkID:-1 Root:root:/ File:C:/Unreal/UE_4.27/FeaturePacks/StarterContent.upack)
[2022.04.19-09.44.57:354][  0]LogPakFile: OnPakFileMounted2Time == 0.000032
[2022.04.19-09.44.57:354][  0]LogPakFile: PakFile PrimaryIndexSize=190
[2022.04.19-09.44.57:354][  0]LogPakFile: PakFile PathHashIndexSize=101
[2022.04.19-09.44.57:354][  0]LogPakFile: PakFile FullDirectoryIndexSize=154
[2022.04.19-09.44.57:354][  0]LogShaderLibrary: Display: ShaderCodeLibraryPakFileMountedCallback: PakFile 'C:/Unreal/UE_4.27/FeaturePacks/TP_2DSideScroller.upack' (chunk index -1, root 'root:/') mounted
[2022.04.19-09.44.57:354][  0]LogShaderLibrary: Display: ShaderCodeLibraryPakFileMountedCallback: pending pak file info (ChunkID:-1 Root:root:/ File:C:/Unreal/UE_4.27/FeaturePacks/TP_2DSideScroller.upack)
[2022.04.19-09.44.57:354][  0]LogPakFile: OnPakFileMounted2Time == 0.000030
[2022.04.19-09.44.57:355][  0]LogPakFile: PakFile PrimaryIndexSize=192
[2022.04.19-09.44.57:355][  0]LogPakFile: PakFile PathHashIndexSize=101
[2022.04.19-09.44.57:355][  0]LogPakFile: PakFile FullDirectoryIndexSize=158
[2022.04.19-09.44.57:355][  0]LogShaderLibrary: Display: ShaderCodeLibraryPakFileMountedCallback: PakFile 'C:/Unreal/UE_4.27/FeaturePacks/TP_2DSideScrollerBP.upack' (chunk index -1, root 'root:/') mounted
[2022.04.19-09.44.57:355][  0]LogShaderLibrary: Display: ShaderCodeLibraryPakFileMountedCallback: pending pak file info (ChunkID:-1 Root:root:/ File:C:/Unreal/UE_4.27/FeaturePacks/TP_2DSideScrollerBP.upack)
[2022.04.19-09.44.57:355][  0]LogPakFile: OnPakFileMounted2Time == 0.000030
[2022.04.19-09.44.57:355][  0]LogPakFile: PakFile PrimaryIndexSize=182
[2022.04.19-09.44.57:355][  0]LogPakFile: PakFile PathHashIndexSize=101
[2022.04.19-09.44.57:355][  0]LogPakFile: PakFile FullDirectoryIndexSize=138
[2022.04.19-09.44.57:355][  0]LogShaderLibrary: Display: ShaderCodeLibraryPakFileMountedCallback: PakFile 'C:/Unreal/UE_4.27/FeaturePacks/TP_Flying.upack' (chunk index -1, root 'root:/') mounted
[2022.04.19-09.44.57:355][  0]LogShaderLibrary: Display: ShaderCodeLibraryPakFileMountedCallback: pending pak file info (ChunkID:-1 Root:root:/ File:C:/Unreal/UE_4.27/FeaturePacks/TP_Flying.upack)
[2022.04.19-09.44.57:355][  0]LogPakFile: OnPakFileMounted2Time == 0.000030
[2022.04.19-09.44.57:356][  0]LogPakFile: PakFile PrimaryIndexSize=184
[2022.04.19-09.44.57:356][  0]LogPakFile: PakFile PathHashIndexSize=101
[2022.04.19-09.44.57:356][  0]LogPakFile: PakFile FullDirectoryIndexSize=142
[2022.04.19-09.44.57:356][  0]LogShaderLibrary: Display: ShaderCodeLibraryPakFileMountedCallback: PakFile 'C:/Unreal/UE_4.27/FeaturePacks/TP_FlyingBP.upack' (chunk index -1, root 'root:/') mounted
[2022.04.19-09.44.57:356][  0]LogShaderLibrary: Display: ShaderCodeLibraryPakFileMountedCallback: pending pak file info (ChunkID:-1 Root:root:/ File:C:/Unreal/UE_4.27/FeaturePacks/TP_FlyingBP.upack)
[2022.04.19-09.44.57:356][  0]LogPakFile: OnPakFileMounted2Time == 0.000032
[2022.04.19-09.44.57:356][  0]LogPakFile: PakFile PrimaryIndexSize=188
[2022.04.19-09.44.57:356][  0]LogPakFile: PakFile PathHashIndexSize=101
[2022.04.19-09.44.57:356][  0]LogPakFile: PakFile FullDirectoryIndexSize=150
[2022.04.19-09.44.57:356][  0]LogShaderLibrary: Display: ShaderCodeLibraryPakFileMountedCallback: PakFile 'C:/Unreal/UE_4.27/FeaturePacks/TP_HandheldARBP.upack' (chunk index -1, root 'root:/') mounted
[2022.04.19-09.44.57:356][  0]LogShaderLibrary: Display: ShaderCodeLibraryPakFileMountedCallback: pending pak file info (ChunkID:-1 Root:root:/ File:C:/Unreal/UE_4.27/FeaturePacks/TP_HandheldARBP.upack)
[2022.04.19-09.44.57:356][  0]LogPakFile: OnPakFileMounted2Time == 0.000030
[2022.04.19-09.44.57:357][  0]LogPakFile: PakFile PrimaryIndexSize=182
[2022.04.19-09.44.57:357][  0]LogPakFile: PakFile PathHashIndexSize=101
[2022.04.19-09.44.57:357][  0]LogPakFile: PakFile FullDirectoryIndexSize=138
[2022.04.19-09.44.57:357][  0]LogShaderLibrary: Display: ShaderCodeLibraryPakFileMountedCallback: PakFile 'C:/Unreal/UE_4.27/FeaturePacks/TP_Puzzle.upack' (chunk index -1, root 'root:/') mounted
[2022.04.19-09.44.57:357][  0]LogShaderLibrary: Display: ShaderCodeLibraryPakFileMountedCallback: pending pak file info (ChunkID:-1 Root:root:/ File:C:/Unreal/UE_4.27/FeaturePacks/TP_Puzzle.upack)
[2022.04.19-09.44.57:357][  0]LogPakFile: OnPakFileMounted2Time == 0.000030
[2022.04.19-09.44.57:357][  0]LogPakFile: PakFile PrimaryIndexSize=184
[2022.04.19-09.44.57:357][  0]LogPakFile: PakFile PathHashIndexSize=101
[2022.04.19-09.44.57:357][  0]LogPakFile: PakFile FullDirectoryIndexSize=142
[2022.04.19-09.44.57:357][  0]LogShaderLibrary: Display: ShaderCodeLibraryPakFileMountedCallback: PakFile 'C:/Unreal/UE_4.27/FeaturePacks/TP_PuzzleBP.upack' (chunk index -1, root 'root:/') mounted
[2022.04.19-09.44.57:357][  0]LogShaderLibrary: Display: ShaderCodeLibraryPakFileMountedCallback: pending pak file info (ChunkID:-1 Root:root:/ File:C:/Unreal/UE_4.27/FeaturePacks/TP_PuzzleBP.upack)
[2022.04.19-09.44.57:357][  0]LogPakFile: OnPakFileMounted2Time == 0.000036
[2022.04.19-09.44.57:358][  0]LogPakFile: PakFile PrimaryIndexSize=183
[2022.04.19-09.44.57:358][  0]LogPakFile: PakFile PathHashIndexSize=101
[2022.04.19-09.44.57:358][  0]LogPakFile: PakFile FullDirectoryIndexSize=140
[2022.04.19-09.44.57:358][  0]LogShaderLibrary: Display: ShaderCodeLibraryPakFileMountedCallback: PakFile 'C:/Unreal/UE_4.27/FeaturePacks/TP_Rolling.upack' (chunk index -1, root 'root:/') mounted
[2022.04.19-09.44.57:358][  0]LogShaderLibrary: Display: ShaderCodeLibraryPakFileMountedCallback: pending pak file info (ChunkID:-1 Root:root:/ File:C:/Unreal/UE_4.27/FeaturePacks/TP_Rolling.upack)
[2022.04.19-09.44.57:358][  0]LogPakFile: OnPakFileMounted2Time == 0.000030
[2022.04.19-09.44.57:358][  0]LogPakFile: PakFile PrimaryIndexSize=185
[2022.04.19-09.44.57:358][  0]LogPakFile: PakFile PathHashIndexSize=101
[2022.04.19-09.44.57:358][  0]LogPakFile: PakFile FullDirectoryIndexSize=144
[2022.04.19-09.44.57:358][  0]LogShaderLibrary: Display: ShaderCodeLibraryPakFileMountedCallback: PakFile 'C:/Unreal/UE_4.27/FeaturePacks/TP_RollingBP.upack' (chunk index -1, root 'root:/') mounted
[2022.04.19-09.44.57:358][  0]LogShaderLibrary: Display: ShaderCodeLibraryPakFileMountedCallback: pending pak file info (ChunkID:-1 Root:root:/ File:C:/Unreal/UE_4.27/FeaturePacks/TP_RollingBP.upack)
[2022.04.19-09.44.57:358][  0]LogPakFile: OnPakFileMounted2Time == 0.000030
[2022.04.19-09.44.57:359][  0]LogPakFile: PakFile PrimaryIndexSize=188
[2022.04.19-09.44.57:359][  0]LogPakFile: PakFile PathHashIndexSize=101
[2022.04.19-09.44.57:359][  0]LogPakFile: PakFile FullDirectoryIndexSize=150
[2022.04.19-09.44.57:359][  0]LogShaderLibrary: Display: ShaderCodeLibraryPakFileMountedCallback: PakFile 'C:/Unreal/UE_4.27/FeaturePacks/TP_SideScroller.upack' (chunk index -1, root 'root:/') mounted
[2022.04.19-09.44.57:359][  0]LogShaderLibrary: Display: ShaderCodeLibraryPakFileMountedCallback: pending pak file info (ChunkID:-1 Root:root:/ File:C:/Unreal/UE_4.27/FeaturePacks/TP_SideScroller.upack)
[2022.04.19-09.44.57:359][  0]LogPakFile: OnPakFileMounted2Time == 0.000030
[2022.04.19-09.44.57:359][  0]LogPakFile: PakFile PrimaryIndexSize=190
[2022.04.19-09.44.57:359][  0]LogPakFile: PakFile PathHashIndexSize=101
[2022.04.19-09.44.57:359][  0]LogPakFile: PakFile FullDirectoryIndexSize=154
[2022.04.19-09.44.57:359][  0]LogShaderLibrary: Display: ShaderCodeLibraryPakFileMountedCallback: PakFile 'C:/Unreal/UE_4.27/FeaturePacks/TP_SideScrollerBP.upack' (chunk index -1, root 'root:/') mounted
[2022.04.19-09.44.57:359][  0]LogShaderLibrary: Display: ShaderCodeLibraryPakFileMountedCallback: pending pak file info (ChunkID:-1 Root:root:/ File:C:/Unreal/UE_4.27/FeaturePacks/TP_SideScrollerBP.upack)
[2022.04.19-09.44.57:359][  0]LogPakFile: OnPakFileMounted2Time == 0.000044
[2022.04.19-09.44.57:360][  0]LogPakFile: PakFile PrimaryIndexSize=187
[2022.04.19-09.44.57:360][  0]LogPakFile: PakFile PathHashIndexSize=101
[2022.04.19-09.44.57:360][  0]LogPakFile: PakFile FullDirectoryIndexSize=148
[2022.04.19-09.44.57:360][  0]LogShaderLibrary: Display: ShaderCodeLibraryPakFileMountedCallback: PakFile 'C:/Unreal/UE_4.27/FeaturePacks/TP_ThirdPerson.upack' (chunk index -1, root 'root:/') mounted
[2022.04.19-09.44.57:360][  0]LogShaderLibrary: Display: ShaderCodeLibraryPakFileMountedCallback: pending pak file info (ChunkID:-1 Root:root:/ File:C:/Unreal/UE_4.27/FeaturePacks/TP_ThirdPerson.upack)
[2022.04.19-09.44.57:360][  0]LogPakFile: OnPakFileMounted2Time == 0.000032
[2022.04.19-09.44.57:360][  0]LogPakFile: PakFile PrimaryIndexSize=189
[2022.04.19-09.44.57:360][  0]LogPakFile: PakFile PathHashIndexSize=101
[2022.04.19-09.44.57:360][  0]LogPakFile: PakFile FullDirectoryIndexSize=152
[2022.04.19-09.44.57:361][  0]LogShaderLibrary: Display: ShaderCodeLibraryPakFileMountedCallback: PakFile 'C:/Unreal/UE_4.27/FeaturePacks/TP_ThirdPersonBP.upack' (chunk index -1, root 'root:/') mounted
[2022.04.19-09.44.57:361][  0]LogShaderLibrary: Display: ShaderCodeLibraryPakFileMountedCallback: pending pak file info (ChunkID:-1 Root:root:/ File:C:/Unreal/UE_4.27/FeaturePacks/TP_ThirdPersonBP.upack)
[2022.04.19-09.44.57:361][  0]LogPakFile: OnPakFileMounted2Time == 0.000047
[2022.04.19-09.44.57:361][  0]LogPakFile: PakFile PrimaryIndexSize=183
[2022.04.19-09.44.57:361][  0]LogPakFile: PakFile PathHashIndexSize=101
[2022.04.19-09.44.57:361][  0]LogPakFile: PakFile FullDirectoryIndexSize=140
[2022.04.19-09.44.57:361][  0]LogShaderLibrary: Display: ShaderCodeLibraryPakFileMountedCallback: PakFile 'C:/Unreal/UE_4.27/FeaturePacks/TP_TopDown.upack' (chunk index -1, root 'root:/') mounted
[2022.04.19-09.44.57:361][  0]LogShaderLibrary: Display: ShaderCodeLibraryPakFileMountedCallback: pending pak file info (ChunkID:-1 Root:root:/ File:C:/Unreal/UE_4.27/FeaturePacks/TP_TopDown.upack)
[2022.04.19-09.44.57:361][  0]LogPakFile: OnPakFileMounted2Time == 0.000036
[2022.04.19-09.44.57:361][  0]LogPakFile: PakFile PrimaryIndexSize=185
[2022.04.19-09.44.57:361][  0]LogPakFile: PakFile PathHashIndexSize=101
[2022.04.19-09.44.57:361][  0]LogPakFile: PakFile FullDirectoryIndexSize=144
[2022.04.19-09.44.57:361][  0]LogShaderLibrary: Display: ShaderCodeLibraryPakFileMountedCallback: PakFile 'C:/Unreal/UE_4.27/FeaturePacks/TP_TopDownBP.upack' (chunk index -1, root 'root:/') mounted
[2022.04.19-09.44.57:361][  0]LogShaderLibrary: Display: ShaderCodeLibraryPakFileMountedCallback: pending pak file info (ChunkID:-1 Root:root:/ File:C:/Unreal/UE_4.27/FeaturePacks/TP_TopDownBP.upack)
[2022.04.19-09.44.57:361][  0]LogPakFile: OnPakFileMounted2Time == 0.000032
[2022.04.19-09.44.57:362][  0]LogPakFile: PakFile PrimaryIndexSize=185
[2022.04.19-09.44.57:362][  0]LogPakFile: PakFile PathHashIndexSize=101
[2022.04.19-09.44.57:362][  0]LogPakFile: PakFile FullDirectoryIndexSize=144
[2022.04.19-09.44.57:362][  0]LogShaderLibrary: Display: ShaderCodeLibraryPakFileMountedCallback: PakFile 'C:/Unreal/UE_4.27/FeaturePacks/TP_TwinStick.upack' (chunk index -1, root 'root:/') mounted
[2022.04.19-09.44.57:362][  0]LogShaderLibrary: Display: ShaderCodeLibraryPakFileMountedCallback: pending pak file info (ChunkID:-1 Root:root:/ File:C:/Unreal/UE_4.27/FeaturePacks/TP_TwinStick.upack)
[2022.04.19-09.44.57:362][  0]LogPakFile: OnPakFileMounted2Time == 0.000030
[2022.04.19-09.44.57:362][  0]LogPakFile: PakFile PrimaryIndexSize=187
[2022.04.19-09.44.57:362][  0]LogPakFile: PakFile PathHashIndexSize=101
[2022.04.19-09.44.57:362][  0]LogPakFile: PakFile FullDirectoryIndexSize=148
[2022.04.19-09.44.57:362][  0]LogShaderLibrary: Display: ShaderCodeLibraryPakFileMountedCallback: PakFile 'C:/Unreal/UE_4.27/FeaturePacks/TP_TwinStickBP.upack' (chunk index -1, root 'root:/') mounted
[2022.04.19-09.44.57:362][  0]LogShaderLibrary: Display: ShaderCodeLibraryPakFileMountedCallback: pending pak file info (ChunkID:-1 Root:root:/ File:C:/Unreal/UE_4.27/FeaturePacks/TP_TwinStickBP.upack)
[2022.04.19-09.44.57:362][  0]LogPakFile: OnPakFileMounted2Time == 0.000032
[2022.04.19-09.44.57:363][  0]LogPakFile: PakFile PrimaryIndexSize=183
[2022.04.19-09.44.57:363][  0]LogPakFile: PakFile PathHashIndexSize=101
[2022.04.19-09.44.57:363][  0]LogPakFile: PakFile FullDirectoryIndexSize=140
[2022.04.19-09.44.57:363][  0]LogShaderLibrary: Display: ShaderCodeLibraryPakFileMountedCallback: PakFile 'C:/Unreal/UE_4.27/FeaturePacks/TP_Vehicle.upack' (chunk index -1, root 'root:/') mounted
[2022.04.19-09.44.57:363][  0]LogShaderLibrary: Display: ShaderCodeLibraryPakFileMountedCallback: pending pak file info (ChunkID:-1 Root:root:/ File:C:/Unreal/UE_4.27/FeaturePacks/TP_Vehicle.upack)
[2022.04.19-09.44.57:363][  0]LogPakFile: OnPakFileMounted2Time == 0.000030
[2022.04.19-09.44.57:363][  0]LogPakFile: PakFile PrimaryIndexSize=186
[2022.04.19-09.44.57:363][  0]LogPakFile: PakFile PathHashIndexSize=101
[2022.04.19-09.44.57:363][  0]LogPakFile: PakFile FullDirectoryIndexSize=146
[2022.04.19-09.44.57:363][  0]LogShaderLibrary: Display: ShaderCodeLibraryPakFileMountedCallback: PakFile 'C:/Unreal/UE_4.27/FeaturePacks/TP_VehicleAdv.upack' (chunk index -1, root 'root:/') mounted
[2022.04.19-09.44.57:363][  0]LogShaderLibrary: Display: ShaderCodeLibraryPakFileMountedCallback: pending pak file info (ChunkID:-1 Root:root:/ File:C:/Unreal/UE_4.27/FeaturePacks/TP_VehicleAdv.upack)
[2022.04.19-09.44.57:363][  0]LogPakFile: OnPakFileMounted2Time == 0.000030
[2022.04.19-09.44.57:364][  0]LogPakFile: PakFile PrimaryIndexSize=188
[2022.04.19-09.44.57:364][  0]LogPakFile: PakFile PathHashIndexSize=101
[2022.04.19-09.44.57:364][  0]LogPakFile: PakFile FullDirectoryIndexSize=150
[2022.04.19-09.44.57:364][  0]LogShaderLibrary: Display: ShaderCodeLibraryPakFileMountedCallback: PakFile 'C:/Unreal/UE_4.27/FeaturePacks/TP_VehicleAdvBP.upack' (chunk index -1, root 'root:/') mounted
[2022.04.19-09.44.57:364][  0]LogShaderLibrary: Display: ShaderCodeLibraryPakFileMountedCallback: pending pak file info (ChunkID:-1 Root:root:/ File:C:/Unreal/UE_4.27/FeaturePacks/TP_VehicleAdvBP.upack)
[2022.04.19-09.44.57:364][  0]LogPakFile: OnPakFileMounted2Time == 0.000030
[2022.04.19-09.44.57:364][  0]LogPakFile: PakFile PrimaryIndexSize=185
[2022.04.19-09.44.57:364][  0]LogPakFile: PakFile PathHashIndexSize=101
[2022.04.19-09.44.57:364][  0]LogPakFile: PakFile FullDirectoryIndexSize=144
[2022.04.19-09.44.57:364][  0]LogShaderLibrary: Display: ShaderCodeLibraryPakFileMountedCallback: PakFile 'C:/Unreal/UE_4.27/FeaturePacks/TP_VehicleBP.upack' (chunk index -1, root 'root:/') mounted
[2022.04.19-09.44.57:364][  0]LogShaderLibrary: Display: ShaderCodeLibraryPakFileMountedCallback: pending pak file info (ChunkID:-1 Root:root:/ File:C:/Unreal/UE_4.27/FeaturePacks/TP_VehicleBP.upack)
[2022.04.19-09.44.57:364][  0]LogPakFile: OnPakFileMounted2Time == 0.000031
[2022.04.19-09.44.57:365][  0]LogPakFile: PakFile PrimaryIndexSize=192
[2022.04.19-09.44.57:365][  0]LogPakFile: PakFile PathHashIndexSize=101
[2022.04.19-09.44.57:365][  0]LogPakFile: PakFile FullDirectoryIndexSize=158
[2022.04.19-09.44.57:365][  0]LogShaderLibrary: Display: ShaderCodeLibraryPakFileMountedCallback: PakFile 'C:/Unreal/UE_4.27/FeaturePacks/TP_VirtualRealityBP.upack' (chunk index -1, root 'root:/') mounted
[2022.04.19-09.44.57:365][  0]LogShaderLibrary: Display: ShaderCodeLibraryPakFileMountedCallback: pending pak file info (ChunkID:-1 Root:root:/ File:C:/Unreal/UE_4.27/FeaturePacks/TP_VirtualRealityBP.upack)
[2022.04.19-09.44.57:365][  0]LogPakFile: OnPakFileMounted2Time == 0.000030
[2022.04.19-09.44.57:401][  0]LogNativeClassHierarchy: Verbose: Native class hierarchy updated for 'AddContentDialog' in 0.0003 seconds. Added 0 classes and 0 folders.
[2022.04.19-09.44.57:402][  0]LogNativeClassHierarchy: Verbose: Native class hierarchy updated for 'SceneOutliner' in 0.0002 seconds. Added 2 classes and 0 folders.
[2022.04.19-09.44.57:528][  0]LogSlate: Took 0.000265 seconds to synchronously load lazily loaded font '../../../Engine/Content/Slate/Fonts/Roboto-Regular.ttf' (155K)
[2022.04.19-09.44.57:530][  0]LogSlate: Took 0.000444 seconds to synchronously load lazily loaded font '../../../Engine/Content/Editor/Slate/Fonts/FontAwesome.ttf' (139K)
[2022.04.19-09.44.57:533][  0]LogSlate: Took 0.000340 seconds to synchronously load lazily loaded font '../../../Engine/Content/Slate/Fonts/Roboto-Bold.ttf' (160K)
[2022.04.19-09.44.57:669][  0]LogRenderer: Reallocating scene render targets to support 1100x560 Format 10 NumSamples 1 (Frame:1).
[2022.04.19-09.44.57:755][  0]LogNativeClassHierarchy: Verbose: Native class hierarchy updated for 'HierarchicalLODOutliner' in 0.0002 seconds. Added 0 classes and 0 folders.
[2022.04.19-09.44.57:755][  0]LogLoad: (Engine Initialization) Total time: 7.31 seconds
[2022.04.19-09.44.57:755][  0]LogLoad: (Engine Initialization) Total Blueprint compile time: 0.00 seconds
[2022.04.19-09.44.57:766][  0]LogRawInputWindows: Warning: Found device 8 devices
[2022.04.19-09.44.57:766][  0]LogRawInputWindows: Warning: Found device 8 devices
[2022.04.19-09.44.57:766][  0]LogRawInputWindows: Warning: Device was registered succesfully but not connected (Usage:4 UsagePage:1)
[2022.04.19-09.44.57:768][  0]LogRawInputWindows: Warning: Found device 8 devices
[2022.04.19-09.44.57:768][  0]LogRawInputWindows: Warning: Device was registered succesfully but not connected (Usage:5 UsagePage:1)
[2022.04.19-09.44.57:801][  0]LogAssetRegistry: Asset discovery search completed in 4.4057 seconds
[2022.04.19-09.44.57:806][  0]LogCollectionManager: Fixed up redirectors for 0 collections in 0.000003 seconds (updated 0 objects)
[2022.04.19-09.44.57:806][  0]LogContentStreaming: Texture pool size now 1000 MB
[2022.04.19-09.44.57:880][  4]LogSlate: Took 0.000178 seconds to synchronously load lazily loaded font '../../../Engine/Content/Slate/Fonts/Roboto-Light.ttf' (167K)
[2022.04.19-09.45.01:095][355]LogSlate: Took 0.000133 seconds to synchronously load lazily loaded font '../../../Engine/Content/Slate/Fonts/Roboto-Light.ttf' (167K)
[2022.04.19-09.45.01:119][355]LogAssetEditorSubsystem: Opening Asset editor for Blueprint /Game/VehicleAdvBP/Blueprints/VehicleBlueprint.VehicleBlueprint
[2022.04.19-09.45.01:334][355]LogNativeClassHierarchy: Verbose: Native class hierarchy updated for 'BlueprintGraph' in 0.0005 seconds. Added 126 classes and 0 folders.
[2022.04.19-09.45.02:166][355]LogSlate: Took 0.000252 seconds to synchronously load lazily loaded font '../../../Engine/Content/Slate/Fonts/Roboto-BoldCondensed.ttf' (158K)
[2022.04.19-09.45.03:833][494]LogSlate: Took 0.000146 seconds to synchronously load lazily loaded font '../../../Engine/Content/Slate/Fonts/Roboto-Italic.ttf' (157K)
[2022.04.19-09.45.43:488][331]LogTemp: Repeating last play command: Selected Viewport
[2022.04.19-09.45.43:493][331]BlueprintLog: Warning: Blueprint failed to compile:  WanderingSoul
[2022.04.19-09.45.43:493][331]BlueprintLog: New page: Pre-Play auto-recompile
[2022.04.19-09.45.43:496][331]LogPlayLevel: [PlayLevel] Compiling VehicleBlueprint before play...
[2022.04.19-09.45.43:565][331]LogUObjectHash: Compacting FUObjectHashTables data took   2.50ms
[2022.04.19-09.45.43:566][331]LogPlayLevel: PlayLevel: Blueprint regeneration took 73 ms (1 blueprints)
[2022.04.19-09.45.43:566][331]LogCustomDialog: Dialog displayed:
[2022.04.19-09.45.45:974][331]LogSlate: Window 'Blueprint Compilation Errors' being destroyed
[2022.04.19-09.45.53:788][ 97]LogTemp: Repeating last play command: Selected Viewport
[2022.04.19-09.45.53:793][ 97]LogPlayLevel: PlayLevel: No blueprints needed recompiling
[2022.04.19-09.45.53:793][ 97]BlueprintLog: Warning: Blueprint failed to compile:  WanderingSoul
[2022.04.19-09.45.53:793][ 97]LogCustomDialog: Dialog displayed:
[2022.04.19-09.45.57:632][ 97]LogAssetEditorSubsystem: Opening Asset editor for Blueprint /Game/VehicleAdvBP/Blueprints/AI/WanderingSoul.WanderingSoul
[2022.04.19-09.46.03:022][ 97]LogSlate: Window 'Blueprint Compilation Errors' being destroyed
[2022.04.19-09.46.03:156][ 97]LogSlate: Took 0.000102 seconds to synchronously load lazily loaded font '../../../Engine/Content/Slate/Fonts/DroidSansMono.ttf' (77K)
[2022.04.19-09.46.04:639][234]LogSlate: Window 'Message Log' being destroyed
[2022.04.19-09.46.04:644][234]LogSlate: Window 'Message Log' being destroyed
[2022.04.19-09.46.40:395][739]LogSlate: Window 'WanderingSoul' being destroyed
[2022.04.19-09.46.40:401][739]LogSlate: Window 'WanderingSoul' being destroyed
[2022.04.19-09.46.40:404][739]LogWorld: UWorld::CleanupWorld for World_3, bSessionEnded=true, bCleanupResources=true
[2022.04.19-09.46.40:404][739]LogSlate: InvalidateAllWidgets triggered.  All widgets were invalidated
[2022.04.19-09.46.40:447][739]LogActorComponent: UnregisterComponent: (/Engine/Transient.EditorFloorComp) Not registered. Aborting.
[2022.04.19-09.46.40:447][739]LogWorld: UWorld::CleanupWorld for World_4, bSessionEnded=true, bCleanupResources=true
[2022.04.19-09.46.40:447][739]LogSlate: InvalidateAllWidgets triggered.  All widgets were invalidated
